2020-06-14 10:07:46.825406 Using folder: .
2020-06-14 10:07:46.826406 Configuration:
2020-06-14 10:07:46.847425   KvsAll:
2020-06-14 10:07:46.848427     label_smoothing: 0.0
2020-06-14 10:07:46.848427     query_types:
2020-06-14 10:07:46.849428       _po: true
2020-06-14 10:07:46.849428       s_o: false
2020-06-14 10:07:46.850428       sp_: true
2020-06-14 10:07:46.850428   ax_search:
2020-06-14 10:07:46.851429     fixed_parameters: []
2020-06-14 10:07:46.851429     num_sobol_trials: 30
2020-06-14 10:07:46.852430     num_trials: 30
2020-06-14 10:07:46.853430     parameter_constraints: []
2020-06-14 10:07:46.853430     parameters:
2020-06-14 10:07:46.854432     - name: model
2020-06-14 10:07:46.854432       type: choice
2020-06-14 10:07:46.855433       values:
2020-06-14 10:07:46.855433       - distmult
2020-06-14 10:07:46.858446       - reciprocal_relations_model
2020-06-14 10:07:46.858446     - is_ordered: true
2020-06-14 10:07:46.859437       name: train.batch_size
2020-06-14 10:07:46.859437       type: choice
2020-06-14 10:07:46.860438       values:
2020-06-14 10:07:46.860438       - 128
2020-06-14 10:07:46.861438       - 256
2020-06-14 10:07:46.861438       - 512
2020-06-14 10:07:46.862439       - 1024
2020-06-14 10:07:46.863440     - name: train.type
2020-06-14 10:07:46.863440       type: fixed
2020-06-14 10:07:46.864441       value: 1vsAll
2020-06-14 10:07:46.864441     - name: train.optimizer
2020-06-14 10:07:46.865442       type: choice
2020-06-14 10:07:46.865442       values:
2020-06-14 10:07:46.866443       - Adam
2020-06-14 10:07:46.866443       - Adagrad
2020-06-14 10:07:46.869457     - name: train.loss
2020-06-14 10:07:46.869457       type: fixed
2020-06-14 10:07:46.870447       value: bce
2020-06-14 10:07:46.870447     - bounds:
2020-06-14 10:07:46.871448       - 0.0003
2020-06-14 10:07:46.871448       - 1.0
2020-06-14 10:07:46.872449       log_scale: true
2020-06-14 10:07:46.872449       name: train.optimizer_args.lr
2020-06-14 10:07:46.873450       type: range
2020-06-14 10:07:46.873450     - name: train.lr_scheduler
2020-06-14 10:07:46.874451       type: fixed
2020-06-14 10:07:46.874451       value: ReduceLROnPlateau
2020-06-14 10:07:46.875451     - name: train.lr_scheduler_args.mode
2020-06-14 10:07:46.875451       type: fixed
2020-06-14 10:07:46.876452       value: max
2020-06-14 10:07:46.876452     - name: train.lr_scheduler_args.factor
2020-06-14 10:07:46.877453       type: fixed
2020-06-14 10:07:46.877453       value: 0.95
2020-06-14 10:07:46.880466     - name: train.lr_scheduler_args.threshold
2020-06-14 10:07:46.881457       type: fixed
2020-06-14 10:07:46.881457       value: 0.0001
2020-06-14 10:07:46.882458     - bounds:
2020-06-14 10:07:46.882458       - 0
2020-06-14 10:07:46.883459       - 10
2020-06-14 10:07:46.883459       name: train.lr_scheduler_args.patience
2020-06-14 10:07:46.884459       type: range
2020-06-14 10:07:46.884459     - is_ordered: true
2020-06-14 10:07:46.885460       name: lookup_embedder.dim
2020-06-14 10:07:46.886461       type: choice
2020-06-14 10:07:46.886461       values:
2020-06-14 10:07:46.887462       - 128
2020-06-14 10:07:46.887462       - 256
2020-06-14 10:07:46.888463       - 512
2020-06-14 10:07:46.888463     - name: lookup_embedder.initialize
2020-06-14 10:07:46.890477       type: choice
2020-06-14 10:07:46.891605       values:
2020-06-14 10:07:46.892466       - xavier_normal_
2020-06-14 10:07:46.892466       - xavier_uniform_
2020-06-14 10:07:46.893467       - normal_
2020-06-14 10:07:46.893467       - uniform_
2020-06-14 10:07:46.894468     - name: lookup_embedder.initialize_args.normal_.mean
2020-06-14 10:07:46.894468       type: fixed
2020-06-14 10:07:46.895469       value: 0.0
2020-06-14 10:07:46.895469     - bounds:
2020-06-14 10:07:46.896470       - 1.0e-05
2020-06-14 10:07:46.896470       - 1.0
2020-06-14 10:07:46.897471       log_scale: true
2020-06-14 10:07:46.897471       name: lookup_embedder.initialize_args.normal_.std
2020-06-14 10:07:46.898472       type: range
2020-06-14 10:07:46.898472     - bounds:
2020-06-14 10:07:46.899473       - -1.0
2020-06-14 10:07:46.899473       - -1.0e-05
2020-06-14 10:07:46.902494       name: lookup_embedder.initialize_args.uniform_.a
2020-06-14 10:07:46.903477       type: range
2020-06-14 10:07:46.903477     - name: lookup_embedder.initialize_args.xavier_uniform_.gain
2020-06-14 10:07:46.904478       type: fixed
2020-06-14 10:07:46.904478       value: 1.0
2020-06-14 10:07:46.905479     - name: lookup_embedder.initialize_args.xavier_normal_.gain
2020-06-14 10:07:46.905479       type: fixed
2020-06-14 10:07:46.906480       value: 1.0
2020-06-14 10:07:46.906480     - is_ordered: true
2020-06-14 10:07:46.907481       name: lookup_embedder.regularize
2020-06-14 10:07:46.907481       type: choice
2020-06-14 10:07:46.908481       values:
2020-06-14 10:07:46.908481       - ''
2020-06-14 10:07:46.909483       - l3
2020-06-14 10:07:46.909483       - l2
2020-06-14 10:07:46.910483       - l1
2020-06-14 10:07:46.910483     - name: lookup_embedder.regularize_args.weighted
2020-06-14 10:07:46.913503       type: choice
2020-06-14 10:07:46.914486       values:
2020-06-14 10:07:46.914486       - true
2020-06-14 10:07:46.915488       - false
2020-06-14 10:07:46.915488     - bounds:
2020-06-14 10:07:46.916489       - 1.0e-20
2020-06-14 10:07:46.916489       - 0.1
2020-06-14 10:07:46.917490       log_scale: true
2020-06-14 10:07:46.917490       name: distmult.entity_embedder.regularize_weight
2020-06-14 10:07:46.918491       type: range
2020-06-14 10:07:46.918491     - bounds:
2020-06-14 10:07:46.919491       - 1.0e-20
2020-06-14 10:07:46.919491       - 0.1
2020-06-14 10:07:46.920492       log_scale: true
2020-06-14 10:07:46.920492       name: distmult.relation_embedder.regularize_weight
2020-06-14 10:07:46.921493       type: range
2020-06-14 10:07:46.921493     - bounds:
2020-06-14 10:07:46.924513       - -0.5
2020-06-14 10:07:46.925497       - 0.5
2020-06-14 10:07:46.925497       name: distmult.entity_embedder.dropout
2020-06-14 10:07:46.926498       type: range
2020-06-14 10:07:46.926498     - bounds:
2020-06-14 10:07:46.927499       - -0.5
2020-06-14 10:07:46.927499       - 0.5
2020-06-14 10:07:46.928500       name: distmult.relation_embedder.dropout
2020-06-14 10:07:46.928500       type: range
2020-06-14 10:07:46.929501   conve:
2020-06-14 10:07:46.929501     2D_aspect_ratio: 2
2020-06-14 10:07:46.930502     class_name: ConvE
2020-06-14 10:07:46.930502     convolution_bias: true
2020-06-14 10:07:46.931502     entity_embedder:
2020-06-14 10:07:46.931502       +++: +++
2020-06-14 10:07:46.932503       dropout: 0.2
2020-06-14 10:07:46.932503       type: lookup_embedder
2020-06-14 10:07:46.935522     feature_map_dropout: 0.2
2020-06-14 10:07:46.935522     filter_size: 3
2020-06-14 10:07:46.936506     padding: 0
2020-06-14 10:07:46.937508     projection_dropout: 0.3
2020-06-14 10:07:46.937508     relation_embedder:
2020-06-14 10:07:46.938509       +++: +++
2020-06-14 10:07:46.938509       dropout: 0.2
2020-06-14 10:07:46.939510       type: lookup_embedder
2020-06-14 10:07:46.939510     round_dim: false
2020-06-14 10:07:46.940511     stride: 1
2020-06-14 10:07:46.940511   dataset:
2020-06-14 10:07:46.941511     +++: +++
2020-06-14 10:07:46.941511     files:
2020-06-14 10:07:46.942512       +++: +++
2020-06-14 10:07:46.942512       entity_ids:
2020-06-14 10:07:46.943513         filename: entity_ids.del
2020-06-14 10:07:46.943513         type: map
2020-06-14 10:07:46.946534       entity_strings:
2020-06-14 10:07:46.946534         filename: entity_ids.del
2020-06-14 10:07:46.947517         type: map
2020-06-14 10:07:46.947517       relation_ids:
2020-06-14 10:07:46.948518         filename: relation_ids.del
2020-06-14 10:07:46.948518         type: map
2020-06-14 10:07:46.949518       relation_strings:
2020-06-14 10:07:46.950519         filename: relation_ids.del
2020-06-14 10:07:46.950519         type: map
2020-06-14 10:07:46.951521       test:
2020-06-14 10:07:46.951521         filename: test.del
2020-06-14 10:07:46.952521         type: triples
2020-06-14 10:07:46.952521       train:
2020-06-14 10:07:46.953522         filename: train.del
2020-06-14 10:07:46.953522         type: triples
2020-06-14 10:07:46.954523       valid:
2020-06-14 10:07:46.954523         filename: valid.del
2020-06-14 10:07:46.957543         type: triples
2020-06-14 10:07:46.957543     name: aifb
2020-06-14 10:07:46.958527     num_entities: -1
2020-06-14 10:07:46.958527     num_relations: -1
2020-06-14 10:07:46.959528     pickle: true
2020-06-14 10:07:46.959528   distmult:
2020-06-14 10:07:46.960528     class_name: DistMult
2020-06-14 10:07:46.960528     entity_embedder:
2020-06-14 10:07:46.961529       +++: +++
2020-06-14 10:07:46.961529       type: lookup_embedder
2020-06-14 10:07:46.962530     relation_embedder:
2020-06-14 10:07:46.962530       +++: +++
2020-06-14 10:07:46.963531       type: lookup_embedder
2020-06-14 10:07:46.963531   eval:
2020-06-14 10:07:46.964532     batch_size: 256
2020-06-14 10:07:46.964532     chunk_size: -1
2020-06-14 10:07:46.965533     filter_splits:
2020-06-14 10:07:46.965533     - train
2020-06-14 10:07:46.968553     - valid
2020-06-14 10:07:46.969536     filter_with_test: true
2020-06-14 10:07:46.969536     hits_at_k_s:
2020-06-14 10:07:46.970537     - 1
2020-06-14 10:07:46.970537     - 3
2020-06-14 10:07:46.971538     - 10
2020-06-14 10:07:46.971538     - 50
2020-06-14 10:07:46.972539     - 100
2020-06-14 10:07:46.972539     - 200
2020-06-14 10:07:46.973540     - 300
2020-06-14 10:07:46.973540     - 400
2020-06-14 10:07:46.974542     - 500
2020-06-14 10:07:46.974542     - 1000
2020-06-14 10:07:46.975542     metrics_per:
2020-06-14 10:07:46.975542       argument_frequency: false
2020-06-14 10:07:46.976543       head_and_tail: false
2020-06-14 10:07:46.976543       relation_type: true
2020-06-14 10:07:46.979563     num_workers: 0
2020-06-14 10:07:46.979563     pin_memory: false
2020-06-14 10:07:46.980547     split: valid
2020-06-14 10:07:46.980547     trace_level: epoch
2020-06-14 10:07:46.981558     type: entity_ranking
2020-06-14 10:07:46.981558   grid_search:
2020-06-14 10:07:46.982559     parameters:
2020-06-14 10:07:46.982559       +++: +++
2020-06-14 10:07:46.983560     run: true
2020-06-14 10:07:46.983560   import:
2020-06-14 10:07:46.984568   - distmult
2020-06-14 10:07:46.984568   - reciprocal_relations_model
2020-06-14 10:07:46.985552   job:
2020-06-14 10:07:46.985552     device: cuda
2020-06-14 10:07:46.986563     type: search
2020-06-14 10:07:46.986563   lookup_embedder:
2020-06-14 10:07:46.987563     class_name: LookupEmbedder
2020-06-14 10:07:46.987563     dim: 100
2020-06-14 10:07:46.990573     dropout: 0.0
2020-06-14 10:07:46.991574     initialize: normal_
2020-06-14 10:07:46.991574     initialize_args:
2020-06-14 10:07:46.992557       +++: +++
2020-06-14 10:07:46.992557     normalize:
2020-06-14 10:07:46.993559       p: -1.0
2020-06-14 10:07:46.993559       with_grad: false
2020-06-14 10:07:46.994560     regularize: lp
2020-06-14 10:07:46.994560     regularize_args:
2020-06-14 10:07:46.995561       +++: +++
2020-06-14 10:07:46.995561       p: 2
2020-06-14 10:07:46.996562       weighted: false
2020-06-14 10:07:46.996562     regularize_weight: 0.0
2020-06-14 10:07:46.997563     round_dim_to: []
2020-06-14 10:07:46.997563     sparse: false
2020-06-14 10:07:46.998563   manual_search:
2020-06-14 10:07:46.998563     configurations: []
2020-06-14 10:07:47.001584     run: true
2020-06-14 10:07:47.002567   model: ''
2020-06-14 10:07:47.002567   negative_sampling:
2020-06-14 10:07:47.003568     chunk_size: -1
2020-06-14 10:07:47.003568     filtering:
2020-06-14 10:07:47.004569       implementation: fast_if_available
2020-06-14 10:07:47.004569       o: false
2020-06-14 10:07:47.005570       p: false
2020-06-14 10:07:47.005570       s: false
2020-06-14 10:07:47.006571       split: ''
2020-06-14 10:07:47.006571     frequency:
2020-06-14 10:07:47.007571       smoothing: 1
2020-06-14 10:07:47.007571     implementation: batch
2020-06-14 10:07:47.008572     num_samples:
2020-06-14 10:07:47.008572       o: -1
2020-06-14 10:07:47.009573       p: 0
2020-06-14 10:07:47.009573       s: 3
2020-06-14 10:07:47.012593     sampling_type: uniform
2020-06-14 10:07:47.013578     shared: false
2020-06-14 10:07:47.013578     with_replacement: true
2020-06-14 10:07:47.014578   random_seed:
2020-06-14 10:07:47.014578     numpy: -1
2020-06-14 10:07:47.015579     python: -1
2020-06-14 10:07:47.015579     torch: -1
2020-06-14 10:07:47.016580   reciprocal_relations_model:
2020-06-14 10:07:47.016580     base_model:
2020-06-14 10:07:47.017581       +++: +++
2020-06-14 10:07:47.017581       type: distmult
2020-06-14 10:07:47.018582     class_name: ReciprocalRelationsModel
2020-06-14 10:07:47.018582   search:
2020-06-14 10:07:47.019582     device_pool:
2020-06-14 10:07:47.019582     - cuda:0
2020-06-14 10:07:47.020584     - cuda:1
2020-06-14 10:07:47.023604     num_workers: 4
2020-06-14 10:07:47.024587     on_error: abort
2020-06-14 10:07:47.024587     type: ax
2020-06-14 10:07:47.025588   train:
2020-06-14 10:07:47.025588     abort_on_nan: true
2020-06-14 10:07:47.026589     auto_correct: true
2020-06-14 10:07:47.026589     batch_size: 100
2020-06-14 10:07:47.027590     checkpoint:
2020-06-14 10:07:47.027590       every: 5
2020-06-14 10:07:47.028591       keep: 3
2020-06-14 10:07:47.028591     loss: kl
2020-06-14 10:07:47.029592     loss_arg: .nan
2020-06-14 10:07:47.029592     lr_scheduler: ''
2020-06-14 10:07:47.030593     lr_scheduler_args:
2020-06-14 10:07:47.030593       +++: +++
2020-06-14 10:07:47.031594     max_epochs: 400
2020-06-14 10:07:47.031594     num_workers: 0
2020-06-14 10:07:47.034606     optimizer: Adagrad
2020-06-14 10:07:47.034606     optimizer_args:
2020-06-14 10:07:47.035597       +++: +++
2020-06-14 10:07:47.035597     pin_memory: false
2020-06-14 10:07:47.036597     split: train
2020-06-14 10:07:47.036597     trace_level: epoch
2020-06-14 10:07:47.037598     type: KvsAll
2020-06-14 10:07:47.038600     visualize_graph: false
2020-06-14 10:07:47.038600   user:
2020-06-14 10:07:47.039601     +++: +++
2020-06-14 10:07:47.039601   valid:
2020-06-14 10:07:47.040601     early_stopping:
2020-06-14 10:07:47.040601       min_threshold:
2020-06-14 10:07:47.041603         epochs: 50
2020-06-14 10:07:47.041603         metric_value: 0.05
2020-06-14 10:07:47.042604       patience: 10
2020-06-14 10:07:47.042604     every: 5
2020-06-14 10:07:47.045623     metric: mean_reciprocal_rank_filtered_with_test
2020-06-14 10:07:47.045623     metric_expr: float("nan")
2020-06-14 10:07:47.046607     split: valid
2020-06-14 10:07:47.046607     trace_level: epoch
2020-06-14 10:07:47.048609   git commit: No git binary found
2020-06-14 10:07:47.050611 Traceback (most recent call last):
2020-06-14 10:07:47.050611   File "c:\users\victor\kge\kge\cli.py", line 272, in main
2020-06-14 10:07:47.050611     dataset = Dataset.load(config)
2020-06-14 10:07:47.050611   File "c:\users\victor\kge\kge\dataset.py", line 88, in load
2020-06-14 10:07:47.050611     dataset.entity_ids()
2020-06-14 10:07:47.050611   File "c:\users\victor\kge\kge\dataset.py", line 385, in entity_ids
2020-06-14 10:07:47.050611     return self.map_indexes(indexes, "entity_ids")
2020-06-14 10:07:47.050611   File "c:\users\victor\kge\kge\dataset.py", line 490, in map_indexes
2020-06-14 10:07:47.050611     map_ = self.load_map(key, as_list=True)
2020-06-14 10:07:47.050611   File "c:\users\victor\kge\kge\dataset.py", line 238, in load_map
2020-06-14 10:07:47.050611     use_pickle=self.config.get("dataset.pickle"),
2020-06-14 10:07:47.050611   File "c:\users\victor\kge\kge\dataset.py", line 158, in _load_map
2020-06-14 10:07:47.050611     with open(filename, "r") as file:
2020-06-14 10:07:47.050611 FileNotFoundError: [Errno 2] No such file or directory: 'c:\\users\\victor\\kge\\data\\aifb\\entity_ids.del'
2020-06-14 10:25:20.494177 Using folder: .
2020-06-14 10:25:20.515207 Configuration:
2020-06-14 10:25:20.537226   KvsAll:
2020-06-14 10:25:20.538217     label_smoothing: 0.0
2020-06-14 10:25:20.538217     query_types:
2020-06-14 10:25:20.539218       _po: true
2020-06-14 10:25:20.539218       s_o: false
2020-06-14 10:25:20.540219       sp_: true
2020-06-14 10:25:20.540219   ax_search:
2020-06-14 10:25:20.541220     num_sobol_trials: 30
2020-06-14 10:25:20.541220     num_trials: 30
2020-06-14 10:25:20.542221     parameter_constraints: []
2020-06-14 10:25:20.542221     parameters:
2020-06-14 10:25:20.543222     - name: model
2020-06-14 10:25:20.543222       type: choice
2020-06-14 10:25:20.544223       values:
2020-06-14 10:25:20.544223       - distmult
2020-06-14 10:25:20.545224       - reciprocal_relations_model
2020-06-14 10:25:20.545224     - is_ordered: true
2020-06-14 10:25:20.548235       name: train.batch_size
2020-06-14 10:25:20.548235       type: choice
2020-06-14 10:25:20.549227       values:
2020-06-14 10:25:20.549227       - 128
2020-06-14 10:25:20.550228       - 256
2020-06-14 10:25:20.550228       - 512
2020-06-14 10:25:20.551229       - 1024
2020-06-14 10:25:20.551229     - name: train.type
2020-06-14 10:25:20.552230       type: fixed
2020-06-14 10:25:20.552230       value: 1vsAll
2020-06-14 10:25:20.553231     - name: train.optimizer
2020-06-14 10:25:20.553231       type: choice
2020-06-14 10:25:20.554232       values:
2020-06-14 10:25:20.554232       - Adam
2020-06-14 10:25:20.555233       - Adagrad
2020-06-14 10:25:20.555233     - name: train.loss
2020-06-14 10:25:20.556234       type: fixed
2020-06-14 10:25:20.556234       value: bce
2020-06-14 10:25:20.559236     - bounds:
2020-06-14 10:25:20.560238       - 0.0003
2020-06-14 10:25:20.560238       - 1.0
2020-06-14 10:25:20.561239       log_scale: true
2020-06-14 10:25:20.561239       name: train.optimizer_args.lr
2020-06-14 10:25:20.562240       type: range
2020-06-14 10:25:20.562240     - name: train.lr_scheduler
2020-06-14 10:25:20.563240       type: fixed
2020-06-14 10:25:20.563240       value: ReduceLROnPlateau
2020-06-14 10:25:20.564241     - name: train.lr_scheduler_args.mode
2020-06-14 10:25:20.564241       type: fixed
2020-06-14 10:25:20.565242       value: max
2020-06-14 10:25:20.565242     - name: train.lr_scheduler_args.factor
2020-06-14 10:25:20.566243       type: fixed
2020-06-14 10:25:20.566243       value: 0.95
2020-06-14 10:25:20.567244     - name: train.lr_scheduler_args.threshold
2020-06-14 10:25:20.567244       type: fixed
2020-06-14 10:25:20.570257       value: 0.0001
2020-06-14 10:25:20.571246     - bounds:
2020-06-14 10:25:20.571246       - 0
2020-06-14 10:25:20.572249       - 10
2020-06-14 10:25:20.572249       name: train.lr_scheduler_args.patience
2020-06-14 10:25:20.573249       type: range
2020-06-14 10:25:20.573249     - is_ordered: true
2020-06-14 10:25:20.574250       name: lookup_embedder.dim
2020-06-14 10:25:20.574250       type: choice
2020-06-14 10:25:20.575251       values:
2020-06-14 10:25:20.575251       - 128
2020-06-14 10:25:20.576252       - 256
2020-06-14 10:25:20.576252       - 512
2020-06-14 10:25:20.577253     - name: lookup_embedder.initialize
2020-06-14 10:25:20.577253       type: choice
2020-06-14 10:25:20.578254       values:
2020-06-14 10:25:20.578254       - xavier_normal_
2020-06-14 10:25:20.581266       - xavier_uniform_
2020-06-14 10:25:20.582257       - normal_
2020-06-14 10:25:20.582257       - uniform_
2020-06-14 10:25:20.583259     - name: lookup_embedder.initialize_args.normal_.mean
2020-06-14 10:25:20.583259       type: fixed
2020-06-14 10:25:20.584260       value: 0.0
2020-06-14 10:25:20.584260     - bounds:
2020-06-14 10:25:20.585261       - 1.0e-05
2020-06-14 10:25:20.585261       - 1.0
2020-06-14 10:25:20.586261       log_scale: true
2020-06-14 10:25:20.586261       name: lookup_embedder.initialize_args.normal_.std
2020-06-14 10:25:20.587262       type: range
2020-06-14 10:25:20.587262     - bounds:
2020-06-14 10:25:20.588263       - -1.0
2020-06-14 10:25:20.588263       - -1.0e-05
2020-06-14 10:25:20.589264       name: lookup_embedder.initialize_args.uniform_.a
2020-06-14 10:25:20.589264       type: range
2020-06-14 10:25:20.592266     - name: lookup_embedder.initialize_args.xavier_uniform_.gain
2020-06-14 10:25:20.592266       type: fixed
2020-06-14 10:25:20.593267       value: 1.0
2020-06-14 10:25:20.593267     - name: lookup_embedder.initialize_args.xavier_normal_.gain
2020-06-14 10:25:20.594269       type: fixed
2020-06-14 10:25:20.595269       value: 1.0
2020-06-14 10:25:20.595269     - is_ordered: true
2020-06-14 10:25:20.596270       name: lookup_embedder.regularize
2020-06-14 10:25:20.596270       type: choice
2020-06-14 10:25:20.597271       values:
2020-06-14 10:25:20.597271       - ''
2020-06-14 10:25:20.598272       - l3
2020-06-14 10:25:20.598272       - l2
2020-06-14 10:25:20.599273       - l1
2020-06-14 10:25:20.599273     - name: lookup_embedder.regularize_args.weighted
2020-06-14 10:25:20.600274       type: choice
2020-06-14 10:25:20.600274       values:
2020-06-14 10:25:20.603286       - true
2020-06-14 10:25:20.603286       - false
2020-06-14 10:25:20.604278     - bounds:
2020-06-14 10:25:20.604278       - 1.0e-20
2020-06-14 10:25:20.605278       - 0.1
2020-06-14 10:25:20.605278       log_scale: true
2020-06-14 10:25:20.606279       name: distmult.entity_embedder.regularize_weight
2020-06-14 10:25:20.606279       type: range
2020-06-14 10:25:20.607280     - bounds:
2020-06-14 10:25:20.608281       - 1.0e-20
2020-06-14 10:25:20.608281       - 0.1
2020-06-14 10:25:20.609282       log_scale: true
2020-06-14 10:25:20.609282       name: distmult.relation_embedder.regularize_weight
2020-06-14 10:25:20.610282       type: range
2020-06-14 10:25:20.610282     - bounds:
2020-06-14 10:25:20.611283       - -0.5
2020-06-14 10:25:20.611283       - 0.5
2020-06-14 10:25:20.614288       name: distmult.entity_embedder.dropout
2020-06-14 10:25:20.614288       type: range
2020-06-14 10:25:20.615288     - bounds:
2020-06-14 10:25:20.615288       - -0.5
2020-06-14 10:25:20.616288       - 0.5
2020-06-14 10:25:20.616288       name: distmult.relation_embedder.dropout
2020-06-14 10:25:20.617290       type: range
2020-06-14 10:25:20.617290     sobol_seed: 0
2020-06-14 10:25:20.618291   conve:
2020-06-14 10:25:20.618291     2D_aspect_ratio: 2
2020-06-14 10:25:20.619291     class_name: ConvE
2020-06-14 10:25:20.619291     convolution_bias: true
2020-06-14 10:25:20.620292     entity_embedder:
2020-06-14 10:25:20.620292       +++: +++
2020-06-14 10:25:20.621293       dropout: 0.2
2020-06-14 10:25:20.621293       type: lookup_embedder
2020-06-14 10:25:20.622294     feature_map_dropout: 0.2
2020-06-14 10:25:20.622294     filter_size: 3
2020-06-14 10:25:20.625307     padding: 0
2020-06-14 10:25:20.625307     projection_dropout: 0.3
2020-06-14 10:25:20.626297     relation_embedder:
2020-06-14 10:25:20.626297       +++: +++
2020-06-14 10:25:20.627298       dropout: 0.2
2020-06-14 10:25:20.627298       type: lookup_embedder
2020-06-14 10:25:20.628299     round_dim: false
2020-06-14 10:25:20.628299     stride: 1
2020-06-14 10:25:20.629300   dataset:
2020-06-14 10:25:20.630301     +++: +++
2020-06-14 10:25:20.630301     files:
2020-06-14 10:25:20.631302       +++: +++
2020-06-14 10:25:20.631302       entity_ids:
2020-06-14 10:25:20.632303         filename: entity_ids.del
2020-06-14 10:25:20.632303         type: map
2020-06-14 10:25:20.633304       entity_strings:
2020-06-14 10:25:20.633304         filename: entity_ids.del
2020-06-14 10:25:20.636307         type: map
2020-06-14 10:25:20.636307       relation_ids:
2020-06-14 10:25:20.637308         filename: relation_ids.del
2020-06-14 10:25:20.637308         type: map
2020-06-14 10:25:20.638308       relation_strings:
2020-06-14 10:25:20.638308         filename: relation_ids.del
2020-06-14 10:25:20.639309         type: map
2020-06-14 10:25:20.639309       test:
2020-06-14 10:25:20.640310         filename: test.del
2020-06-14 10:25:20.640310         type: triples
2020-06-14 10:25:20.641310       train:
2020-06-14 10:25:20.642311         filename: train.del
2020-06-14 10:25:20.642311         type: triples
2020-06-14 10:25:20.643313       valid:
2020-06-14 10:25:20.643313         filename: valid.del
2020-06-14 10:25:20.644313         type: triples
2020-06-14 10:25:20.644313     name: aifb
2020-06-14 10:25:20.647316     num_entities: -1
2020-06-14 10:25:20.647316     num_relations: -1
2020-06-14 10:25:20.648317     pickle: true
2020-06-14 10:25:20.648317   distmult:
2020-06-14 10:25:20.649318     class_name: DistMult
2020-06-14 10:25:20.649318     entity_embedder:
2020-06-14 10:25:20.650319       +++: +++
2020-06-14 10:25:20.650319       type: lookup_embedder
2020-06-14 10:25:20.651320     relation_embedder:
2020-06-14 10:25:20.651320       +++: +++
2020-06-14 10:25:20.652321       type: lookup_embedder
2020-06-14 10:25:20.652321   entity_ranking:
2020-06-14 10:25:20.653322     chunk_size: -1
2020-06-14 10:25:20.653322     filter_splits:
2020-06-14 10:25:20.654323     - train
2020-06-14 10:25:20.655323     - valid
2020-06-14 10:25:20.655323     filter_with_test: true
2020-06-14 10:25:20.656324     hits_at_k_s:
2020-06-14 10:25:20.658337     - 1
2020-06-14 10:25:20.659328     - 3
2020-06-14 10:25:20.659328     - 10
2020-06-14 10:25:20.660328     - 50
2020-06-14 10:25:20.660328     - 100
2020-06-14 10:25:20.661329     - 200
2020-06-14 10:25:20.662330     - 300
2020-06-14 10:25:20.662330     - 400
2020-06-14 10:25:20.663330     - 500
2020-06-14 10:25:20.663330     - 1000
2020-06-14 10:25:20.664332     metrics_per:
2020-06-14 10:25:20.664332       argument_frequency: false
2020-06-14 10:25:20.664332       head_and_tail: false
2020-06-14 10:25:20.665333       relation_type: true
2020-06-14 10:25:20.665333     tie_handling: rounded_mean_rank
2020-06-14 10:25:20.666333   eval:
2020-06-14 10:25:20.666333     batch_size: 256
2020-06-14 10:25:20.669347     num_workers: 0
2020-06-14 10:25:20.670338     pin_memory: false
2020-06-14 10:25:20.670338     split: valid
2020-06-14 10:25:20.671339     trace_level: epoch
2020-06-14 10:25:20.671339     type: entity_ranking
2020-06-14 10:25:20.672340   grid_search:
2020-06-14 10:25:20.672340     parameters:
2020-06-14 10:25:20.673341       +++: +++
2020-06-14 10:25:20.673341     run: true
2020-06-14 10:25:20.674342   import:
2020-06-14 10:25:20.674342   - distmult
2020-06-14 10:25:20.675342   - reciprocal_relations_model
2020-06-14 10:25:20.675342   job:
2020-06-14 10:25:20.676343     device: cuda
2020-06-14 10:25:20.676343     type: search
2020-06-14 10:25:20.677344   lookup_embedder:
2020-06-14 10:25:20.677344     class_name: LookupEmbedder
2020-06-14 10:25:20.680357     dim: 100
2020-06-14 10:25:20.681348     dropout: 0.0
2020-06-14 10:25:20.681348     initialize: normal_
2020-06-14 10:25:20.682349     initialize_args:
2020-06-14 10:25:20.682349       +++: +++
2020-06-14 10:25:20.683350     normalize:
2020-06-14 10:25:20.683350       p: -1.0
2020-06-14 10:25:20.684351       with_grad: false
2020-06-14 10:25:20.684351     regularize: lp
2020-06-14 10:25:20.685351     regularize_args:
2020-06-14 10:25:20.685351       +++: +++
2020-06-14 10:25:20.686352       p: 2
2020-06-14 10:25:20.686352       weighted: false
2020-06-14 10:25:20.687353     regularize_weight: 0.0
2020-06-14 10:25:20.687353     round_dim_to: []
2020-06-14 10:25:20.688354     sparse: false
2020-06-14 10:25:20.688354   manual_search:
2020-06-14 10:25:20.691367     configurations: []
2020-06-14 10:25:20.692358     run: true
2020-06-14 10:25:20.692358   model: ''
2020-06-14 10:25:20.693359   negative_sampling:
2020-06-14 10:25:20.693359     chunk_size: -1
2020-06-14 10:25:20.694359     filtering:
2020-06-14 10:25:20.694359       implementation: fast_if_available
2020-06-14 10:25:20.695361       o: false
2020-06-14 10:25:20.695361       p: false
2020-06-14 10:25:20.696362       s: false
2020-06-14 10:25:20.696362       split: ''
2020-06-14 10:25:20.697362     frequency:
2020-06-14 10:25:20.697362       smoothing: 1
2020-06-14 10:25:20.698363     implementation: batch
2020-06-14 10:25:20.698363     num_samples:
2020-06-14 10:25:20.699364       o: -1
2020-06-14 10:25:20.699364       p: 0
2020-06-14 10:25:20.702377       s: 3
2020-06-14 10:25:20.702377     sampling_type: uniform
2020-06-14 10:25:20.703368     shared: false
2020-06-14 10:25:20.703368     with_replacement: true
2020-06-14 10:25:20.705370   random_seed:
2020-06-14 10:25:20.705370     numpy: -1
2020-06-14 10:25:20.706371     python: -1
2020-06-14 10:25:20.706371     torch: -1
2020-06-14 10:25:20.707372   reciprocal_relations_model:
2020-06-14 10:25:20.707372     base_model:
2020-06-14 10:25:20.708373       +++: +++
2020-06-14 10:25:20.708373       type: distmult
2020-06-14 10:25:20.709373     class_name: ReciprocalRelationsModel
2020-06-14 10:25:20.709373   search:
2020-06-14 10:25:20.710374     device_pool:
2020-06-14 10:25:20.710374     - cuda:0
2020-06-14 10:25:20.713378     - cuda:1
2020-06-14 10:25:20.713378     num_workers: 4
2020-06-14 10:25:20.714378     on_error: abort
2020-06-14 10:25:20.714378     type: ax
2020-06-14 10:25:20.715379   train:
2020-06-14 10:25:20.715379     abort_on_nan: true
2020-06-14 10:25:20.716379     auto_correct: true
2020-06-14 10:25:20.716379     batch_size: 100
2020-06-14 10:25:20.717380     checkpoint:
2020-06-14 10:25:20.717380       every: 5
2020-06-14 10:25:20.718381       keep: 3
2020-06-14 10:25:20.718381     loss: kl
2020-06-14 10:25:20.719382     loss_arg: .nan
2020-06-14 10:25:20.719382     lr_scheduler: ''
2020-06-14 10:25:20.720383     lr_scheduler_args:
2020-06-14 10:25:20.720383       +++: +++
2020-06-14 10:25:20.721384     max_epochs: 400
2020-06-14 10:25:20.721384     num_workers: 0
2020-06-14 10:25:20.724397     optimizer: Adagrad
2020-06-14 10:25:20.725388     optimizer_args:
2020-06-14 10:25:20.725388       +++: +++
2020-06-14 10:25:20.726390     pin_memory: false
2020-06-14 10:25:20.726390     split: train
2020-06-14 10:25:20.727390     trace_level: epoch
2020-06-14 10:25:20.727390     type: KvsAll
2020-06-14 10:25:20.728391     visualize_graph: false
2020-06-14 10:25:20.728391   user:
2020-06-14 10:25:20.729392     +++: +++
2020-06-14 10:25:20.729392   valid:
2020-06-14 10:25:20.730392     early_stopping:
2020-06-14 10:25:20.730392       min_threshold:
2020-06-14 10:25:20.731393         epochs: 50
2020-06-14 10:25:20.731393         metric_value: 0.05
2020-06-14 10:25:20.732394       patience: 10
2020-06-14 10:25:20.732394     every: 5
2020-06-14 10:25:20.735413     metric: mean_reciprocal_rank_filtered_with_test
2020-06-14 10:25:20.735413     metric_expr: float("nan")
2020-06-14 10:25:20.736398     split: valid
2020-06-14 10:25:20.736398     trace_level: epoch
2020-06-14 10:25:20.737399   verbose: true
2020-06-14 10:25:20.739417   git commit: No git binary found
2020-06-14 10:25:20.740401 Traceback (most recent call last):
2020-06-14 10:25:20.740401   File "c:\users\victor\bachelor\kge\kge\cli.py", line 277, in main
2020-06-14 10:25:20.740401     dataset = Dataset.create(config)
2020-06-14 10:25:20.740401   File "c:\users\victor\bachelor\kge\kge\dataset.py", line 104, in create
2020-06-14 10:25:20.740401     dataset.entity_ids()
2020-06-14 10:25:20.740401   File "c:\users\victor\bachelor\kge\kge\dataset.py", line 454, in entity_ids
2020-06-14 10:25:20.740401     return self.map_indexes(indexes, "entity_ids")
2020-06-14 10:25:20.740401   File "c:\users\victor\bachelor\kge\kge\dataset.py", line 559, in map_indexes
2020-06-14 10:25:20.740401     map_ = self.load_map(key, as_list=True)
2020-06-14 10:25:20.740401   File "c:\users\victor\bachelor\kge\kge\dataset.py", line 275, in load_map
2020-06-14 10:25:20.740401     self.ensure_available(key)
2020-06-14 10:25:20.740401   File "c:\users\victor\bachelor\kge\kge\dataset.py", line 79, in ensure_available
2020-06-14 10:25:20.740401     "Dataset {} not found".format(self.config.get("dataset.name"))
2020-06-14 10:25:20.740401 OSError: Dataset aifb not found
2020-06-14 10:25:45.404924 Using folder: .
2020-06-14 10:25:45.426954 Configuration:
2020-06-14 10:25:45.448975   KvsAll:
2020-06-14 10:25:45.448975     label_smoothing: 0.0
2020-06-14 10:25:45.449965     query_types:
2020-06-14 10:25:45.449965       _po: true
2020-06-14 10:25:45.450966       s_o: false
2020-06-14 10:25:45.450966       sp_: true
2020-06-14 10:25:45.451967   ax_search:
2020-06-14 10:25:45.451967     num_sobol_trials: 30
2020-06-14 10:25:45.452968     num_trials: 30
2020-06-14 10:25:45.452968     parameter_constraints: []
2020-06-14 10:25:45.453969     parameters:
2020-06-14 10:25:45.453969     - name: model
2020-06-14 10:25:45.454970       type: choice
2020-06-14 10:25:45.454970       values:
2020-06-14 10:25:45.455971       - distmult
2020-06-14 10:25:45.455971       - reciprocal_relations_model
2020-06-14 10:25:45.456972     - is_ordered: true
2020-06-14 10:25:45.456972       name: train.batch_size
2020-06-14 10:25:45.459985       type: choice
2020-06-14 10:25:45.460976       values:
2020-06-14 10:25:45.460976       - 128
2020-06-14 10:25:45.461977       - 256
2020-06-14 10:25:45.461977       - 512
2020-06-14 10:25:45.462977       - 1024
2020-06-14 10:25:45.462977     - name: train.type
2020-06-14 10:25:45.463978       type: fixed
2020-06-14 10:25:45.463978       value: 1vsAll
2020-06-14 10:25:45.464979     - name: train.optimizer
2020-06-14 10:25:45.464979       type: choice
2020-06-14 10:25:45.465980       values:
2020-06-14 10:25:45.465980       - Adam
2020-06-14 10:25:45.466981       - Adagrad
2020-06-14 10:25:45.466981     - name: train.loss
2020-06-14 10:25:45.467982       type: fixed
2020-06-14 10:25:45.467982       value: bce
2020-06-14 10:25:45.470996     - bounds:
2020-06-14 10:25:45.471985       - 0.0003
2020-06-14 10:25:45.471985       - 1.0
2020-06-14 10:25:45.472987       log_scale: true
2020-06-14 10:25:45.472987       name: train.optimizer_args.lr
2020-06-14 10:25:45.473987       type: range
2020-06-14 10:25:45.473987     - name: train.lr_scheduler
2020-06-14 10:25:45.474988       type: fixed
2020-06-14 10:25:45.474988       value: ReduceLROnPlateau
2020-06-14 10:25:45.475989     - name: train.lr_scheduler_args.mode
2020-06-14 10:25:45.475989       type: fixed
2020-06-14 10:25:45.476990       value: max
2020-06-14 10:25:45.476990     - name: train.lr_scheduler_args.factor
2020-06-14 10:25:45.477991       type: fixed
2020-06-14 10:25:45.477991       value: 0.95
2020-06-14 10:25:45.478992     - name: train.lr_scheduler_args.threshold
2020-06-14 10:25:45.478992       type: fixed
2020-06-14 10:25:45.482005       value: 0.0001
2020-06-14 10:25:45.482005     - bounds:
2020-06-14 10:25:45.482996       - 0
2020-06-14 10:25:45.483996       - 10
2020-06-14 10:25:45.483996       name: train.lr_scheduler_args.patience
2020-06-14 10:25:45.484996       type: range
2020-06-14 10:25:45.484996     - is_ordered: true
2020-06-14 10:25:45.485998       name: lookup_embedder.dim
2020-06-14 10:25:45.485998       type: choice
2020-06-14 10:25:45.486998       values:
2020-06-14 10:25:45.486998       - 128
2020-06-14 10:25:45.488000       - 256
2020-06-14 10:25:45.488000       - 512
2020-06-14 10:25:45.489001     - name: lookup_embedder.initialize
2020-06-14 10:25:45.490002       type: choice
2020-06-14 10:25:45.493004       values:
2020-06-14 10:25:45.493004       - xavier_normal_
2020-06-14 10:25:45.494006       - xavier_uniform_
2020-06-14 10:25:45.494006       - normal_
2020-06-14 10:25:45.495007       - uniform_
2020-06-14 10:25:45.495007     - name: lookup_embedder.initialize_args.normal_.mean
2020-06-14 10:25:45.496007       type: fixed
2020-06-14 10:25:45.496007       value: 0.0
2020-06-14 10:25:45.497008     - bounds:
2020-06-14 10:25:45.497008       - 1.0e-05
2020-06-14 10:25:45.498009       - 1.0
2020-06-14 10:25:45.498009       log_scale: true
2020-06-14 10:25:45.499010       name: lookup_embedder.initialize_args.normal_.std
2020-06-14 10:25:45.499010       type: range
2020-06-14 10:25:45.500011     - bounds:
2020-06-14 10:25:45.500011       - -1.0
2020-06-14 10:25:45.503013       - -1.0e-05
2020-06-14 10:25:45.504014       name: lookup_embedder.initialize_args.uniform_.a
2020-06-14 10:25:45.504014       type: range
2020-06-14 10:25:45.504014     - name: lookup_embedder.initialize_args.xavier_uniform_.gain
2020-06-14 10:25:45.505015       type: fixed
2020-06-14 10:25:45.505015       value: 1.0
2020-06-14 10:25:45.506016     - name: lookup_embedder.initialize_args.xavier_normal_.gain
2020-06-14 10:25:45.506016       type: fixed
2020-06-14 10:25:45.507017       value: 1.0
2020-06-14 10:25:45.507017     - is_ordered: true
2020-06-14 10:25:45.508018       name: lookup_embedder.regularize
2020-06-14 10:25:45.508018       type: choice
2020-06-14 10:25:45.509019       values:
2020-06-14 10:25:45.509019       - ''
2020-06-14 10:25:45.510020       - l3
2020-06-14 10:25:45.510020       - l2
2020-06-14 10:25:45.511021       - l1
2020-06-14 10:25:45.511021     - name: lookup_embedder.regularize_args.weighted
2020-06-14 10:25:45.514034       type: choice
2020-06-14 10:25:45.515025       values:
2020-06-14 10:25:45.515025       - true
2020-06-14 10:25:45.516026       - false
2020-06-14 10:25:45.516026     - bounds:
2020-06-14 10:25:45.517027       - 1.0e-20
2020-06-14 10:25:45.517027       - 0.1
2020-06-14 10:25:45.518027       log_scale: true
2020-06-14 10:25:45.518027       name: distmult.entity_embedder.regularize_weight
2020-06-14 10:25:45.519028       type: range
2020-06-14 10:25:45.519028     - bounds:
2020-06-14 10:25:45.520029       - 1.0e-20
2020-06-14 10:25:45.520029       - 0.1
2020-06-14 10:25:45.521030       log_scale: true
2020-06-14 10:25:45.521030       name: distmult.relation_embedder.regularize_weight
2020-06-14 10:25:45.522031       type: range
2020-06-14 10:25:45.522031     - bounds:
2020-06-14 10:25:45.525044       - -0.5
2020-06-14 10:25:45.526035       - 0.5
2020-06-14 10:25:45.526035       name: distmult.entity_embedder.dropout
2020-06-14 10:25:45.527036       type: range
2020-06-14 10:25:45.527036     - bounds:
2020-06-14 10:25:45.528037       - -0.5
2020-06-14 10:25:45.528037       - 0.5
2020-06-14 10:25:45.529038       name: distmult.relation_embedder.dropout
2020-06-14 10:25:45.529038       type: range
2020-06-14 10:25:45.530038     sobol_seed: 0
2020-06-14 10:25:45.530038   conve:
2020-06-14 10:25:45.531039     2D_aspect_ratio: 2
2020-06-14 10:25:45.531039     class_name: ConvE
2020-06-14 10:25:45.532040     convolution_bias: true
2020-06-14 10:25:45.532040     entity_embedder:
2020-06-14 10:25:45.533041       +++: +++
2020-06-14 10:25:45.533041       dropout: 0.2
2020-06-14 10:25:45.536044       type: lookup_embedder
2020-06-14 10:25:45.537045     feature_map_dropout: 0.2
2020-06-14 10:25:45.537045     filter_size: 3
2020-06-14 10:25:45.538046     padding: 0
2020-06-14 10:25:45.538046     projection_dropout: 0.3
2020-06-14 10:25:45.539048     relation_embedder:
2020-06-14 10:25:45.539048       +++: +++
2020-06-14 10:25:45.540048       dropout: 0.2
2020-06-14 10:25:45.540048       type: lookup_embedder
2020-06-14 10:25:45.541048     round_dim: false
2020-06-14 10:25:45.541048     stride: 1
2020-06-14 10:25:45.542049   dataset:
2020-06-14 10:25:45.542049     +++: +++
2020-06-14 10:25:45.543050     files:
2020-06-14 10:25:45.543050       +++: +++
2020-06-14 10:25:45.544051       entity_ids:
2020-06-14 10:25:45.544051         filename: entity_ids.del
2020-06-14 10:25:45.547064         type: map
2020-06-14 10:25:45.548055       entity_strings:
2020-06-14 10:25:45.548055         filename: entity_ids.del
2020-06-14 10:25:45.549056         type: map
2020-06-14 10:25:45.549056       relation_ids:
2020-06-14 10:25:45.550057         filename: relation_ids.del
2020-06-14 10:25:45.550057         type: map
2020-06-14 10:25:45.551058       relation_strings:
2020-06-14 10:25:45.551058         filename: relation_ids.del
2020-06-14 10:25:45.552059         type: map
2020-06-14 10:25:45.552059       test:
2020-06-14 10:25:45.553059         filename: test.del
2020-06-14 10:25:45.553059         type: triples
2020-06-14 10:25:45.554060       train:
2020-06-14 10:25:45.554060         filename: train.del
2020-06-14 10:25:45.555061         type: triples
2020-06-14 10:25:45.555061       valid:
2020-06-14 10:25:45.558064         filename: valid.del
2020-06-14 10:25:45.558064         type: triples
2020-06-14 10:25:45.559065     name: aifb
2020-06-14 10:25:45.560065     num_entities: -1
2020-06-14 10:25:45.560065     num_relations: -1
2020-06-14 10:25:45.561066     pickle: true
2020-06-14 10:25:45.561066   distmult:
2020-06-14 10:25:45.562067     class_name: DistMult
2020-06-14 10:25:45.562067     entity_embedder:
2020-06-14 10:25:45.563069       +++: +++
2020-06-14 10:25:45.563069       type: lookup_embedder
2020-06-14 10:25:45.564069     relation_embedder:
2020-06-14 10:25:45.564069       +++: +++
2020-06-14 10:25:45.565070       type: lookup_embedder
2020-06-14 10:25:45.565070   entity_ranking:
2020-06-14 10:25:45.566071     chunk_size: -1
2020-06-14 10:25:45.566071     filter_splits:
2020-06-14 10:25:45.569085     - train
2020-06-14 10:25:45.569085     - valid
2020-06-14 10:25:45.570075     filter_with_test: true
2020-06-14 10:25:45.570075     hits_at_k_s:
2020-06-14 10:25:45.571076     - 1
2020-06-14 10:25:45.571076     - 3
2020-06-14 10:25:45.572077     - 10
2020-06-14 10:25:45.572077     - 50
2020-06-14 10:25:45.573077     - 100
2020-06-14 10:25:45.573077     - 200
2020-06-14 10:25:45.574078     - 300
2020-06-14 10:25:45.574078     - 400
2020-06-14 10:25:45.575078     - 500
2020-06-14 10:25:45.576080     - 1000
2020-06-14 10:25:45.576080     metrics_per:
2020-06-14 10:25:45.577081       argument_frequency: false
2020-06-14 10:25:45.577081       head_and_tail: false
2020-06-14 10:25:45.580094       relation_type: true
2020-06-14 10:25:45.581085     tie_handling: rounded_mean_rank
2020-06-14 10:25:45.581085   eval:
2020-06-14 10:25:45.582086     batch_size: 256
2020-06-14 10:25:45.582086     num_workers: 0
2020-06-14 10:25:45.583086     pin_memory: false
2020-06-14 10:25:45.584088     split: valid
2020-06-14 10:25:45.584088     trace_level: epoch
2020-06-14 10:25:45.585089     type: entity_ranking
2020-06-14 10:25:45.585089   grid_search:
2020-06-14 10:25:45.586089     parameters:
2020-06-14 10:25:45.586089       +++: +++
2020-06-14 10:25:45.587090     run: true
2020-06-14 10:25:45.587090   import:
2020-06-14 10:25:45.588092   - distmult
2020-06-14 10:25:45.588092   - reciprocal_relations_model
2020-06-14 10:25:45.591105   job:
2020-06-14 10:25:45.592095     device: cuda
2020-06-14 10:25:45.592095     type: search
2020-06-14 10:25:45.593096   lookup_embedder:
2020-06-14 10:25:45.593096     class_name: LookupEmbedder
2020-06-14 10:25:45.594096     dim: 100
2020-06-14 10:25:45.594096     dropout: 0.0
2020-06-14 10:25:45.595097     initialize: normal_
2020-06-14 10:25:45.596099     initialize_args:
2020-06-14 10:25:45.596099       +++: +++
2020-06-14 10:25:45.597100     normalize:
2020-06-14 10:25:45.597100       p: -1.0
2020-06-14 10:25:45.598100       with_grad: false
2020-06-14 10:25:45.598100     regularize: lp
2020-06-14 10:25:45.599101     regularize_args:
2020-06-14 10:25:45.599101       +++: +++
2020-06-14 10:25:45.602106       p: 2
2020-06-14 10:25:45.602106       weighted: false
2020-06-14 10:25:45.603106     regularize_weight: 0.0
2020-06-14 10:25:45.603106     round_dim_to: []
2020-06-14 10:25:45.604106     sparse: false
2020-06-14 10:25:45.604106   manual_search:
2020-06-14 10:25:45.605107     configurations: []
2020-06-14 10:25:45.605107     run: true
2020-06-14 10:25:45.606108   model: ''
2020-06-14 10:25:45.606108   negative_sampling:
2020-06-14 10:25:45.607108     chunk_size: -1
2020-06-14 10:25:45.607108     filtering:
2020-06-14 10:25:45.608109       implementation: fast_if_available
2020-06-14 10:25:45.608109       o: false
2020-06-14 10:25:45.609110       p: false
2020-06-14 10:25:45.609110       s: false
2020-06-14 10:25:45.610111       split: ''
2020-06-14 10:25:45.610111     frequency:
2020-06-14 10:25:45.613115       smoothing: 1
2020-06-14 10:25:45.614115     implementation: batch
2020-06-14 10:25:45.614115     num_samples:
2020-06-14 10:25:45.615116       o: -1
2020-06-14 10:25:45.615116       p: 0
2020-06-14 10:25:45.616117       s: 3
2020-06-14 10:25:45.616117     sampling_type: uniform
2020-06-14 10:25:45.617118     shared: false
2020-06-14 10:25:45.617118     with_replacement: true
2020-06-14 10:25:45.618119   random_seed:
2020-06-14 10:25:45.618119     numpy: -1
2020-06-14 10:25:45.619120     python: -1
2020-06-14 10:25:45.619120     torch: -1
2020-06-14 10:25:45.620120   reciprocal_relations_model:
2020-06-14 10:25:45.620120     base_model:
2020-06-14 10:25:45.621121       +++: +++
2020-06-14 10:25:45.621121       type: distmult
2020-06-14 10:25:45.624134     class_name: ReciprocalRelationsModel
2020-06-14 10:25:45.625124   search:
2020-06-14 10:25:45.625124     device_pool:
2020-06-14 10:25:45.626125     - cuda:0
2020-06-14 10:25:45.626125     - cuda:1
2020-06-14 10:25:45.627126     num_workers: 4
2020-06-14 10:25:45.627126     on_error: abort
2020-06-14 10:25:45.627126     type: ax
2020-06-14 10:25:45.628128   train:
2020-06-14 10:25:45.628128     abort_on_nan: true
2020-06-14 10:25:45.629128     auto_correct: true
2020-06-14 10:25:45.630130     batch_size: 100
2020-06-14 10:25:45.630130     checkpoint:
2020-06-14 10:25:45.631130       every: 5
2020-06-14 10:25:45.631130       keep: 3
2020-06-14 10:25:45.632131     loss: kl
2020-06-14 10:25:45.632131     loss_arg: .nan
2020-06-14 10:25:45.635144     lr_scheduler: ''
2020-06-14 10:25:45.635144     lr_scheduler_args:
2020-06-14 10:25:45.636135       +++: +++
2020-06-14 10:25:45.636135     max_epochs: 400
2020-06-14 10:25:45.637136     num_workers: 0
2020-06-14 10:25:45.637136     optimizer: Adagrad
2020-06-14 10:25:45.638136     optimizer_args:
2020-06-14 10:25:45.639138       +++: +++
2020-06-14 10:25:45.639138     pin_memory: false
2020-06-14 10:25:45.640138     split: train
2020-06-14 10:25:45.640138     trace_level: epoch
2020-06-14 10:25:45.641139     type: KvsAll
2020-06-14 10:25:45.641139     visualize_graph: false
2020-06-14 10:25:45.642151   user:
2020-06-14 10:25:45.642151     +++: +++
2020-06-14 10:25:45.643141   valid:
2020-06-14 10:25:45.643141     early_stopping:
2020-06-14 10:25:45.646143       min_threshold:
2020-06-14 10:25:45.646143         epochs: 50
2020-06-14 10:25:45.647145         metric_value: 0.05
2020-06-14 10:25:45.647145       patience: 10
2020-06-14 10:25:45.648146     every: 5
2020-06-14 10:25:45.648146     metric: mean_reciprocal_rank_filtered_with_test
2020-06-14 10:25:45.649147     metric_expr: float("nan")
2020-06-14 10:25:45.649147     split: valid
2020-06-14 10:25:45.650148     trace_level: epoch
2020-06-14 10:25:45.650148   verbose: true
2020-06-14 10:25:45.652160   git commit: No git binary found
2020-06-14 10:25:45.653151 Loading configuration of dataset aifb...
2020-06-14 10:25:45.680185 Loaded 8282 keys from map entity_ids
2020-06-14 10:25:45.682187 Loaded 47 keys from map relation_ids
2020-06-14 10:25:45.832323 Loaded 17534 train triples
2020-06-14 10:25:45.884360 Loaded 5845 valid triples
2020-06-14 10:25:45.935407 Loaded 5845 test triples
2020-06-14 10:25:45.936409 [b220ec20] Using device pool: ['cuda:0', 'cuda:1', 'cuda:0', 'cuda:1']
2020-06-14 10:25:45.962442 [b220ec20] No checkpoint found or specified, starting from scratch...
2020-06-14 10:25:45.963433 [b220ec20] ax search initialized with GenerationStrategy(name='Sobol+GPEI', steps=[Sobol for 30 trials, GPEI for subsequent trials])
2020-06-14 10:25:46.029503 [b220ec20] Registering trial 0/29...
2020-06-14 10:25:46.076535 [b220ec20] Created trial 00000 with parameters: {'train.optimizer_args.lr': 0.0559961813633257, 'train.lr_scheduler_args.patience': 5, 'lookup_embedder.initialize_args.normal_.std': 0.0019321622209343304, 'lookup_embedder.initialize_args.uniform_.a': -0.07811903927515251, 'distmult.entity_embedder.regularize_weight': 2.1718787318241999e-13, 'distmult.relation_embedder.regularize_weight': 2.9377665716486074e-05, 'distmult.entity_embedder.dropout': 0.025142960250377655, 'distmult.relation_embedder.dropout': -0.010118830017745495, 'model': 'reciprocal_relations_model', 'train.batch_size': 512, 'train.optimizer': 'Adam', 'lookup_embedder.dim': 256, 'lookup_embedder.initialize': 'xavier_uniform_', 'lookup_embedder.regularize': 'l3', 'lookup_embedder.regularize_args.weighted': False, 'train.type': '1vsAll', 'train.loss': 'bce', 'train.lr_scheduler': 'ReduceLROnPlateau', 'train.lr_scheduler_args.mode': 'max', 'train.lr_scheduler_args.factor': 0.95, 'train.lr_scheduler_args.threshold': 0.0001, 'lookup_embedder.initialize_args.normal_.mean': 0.0, 'lookup_embedder.initialize_args.xavier_uniform_.gain': 1.0, 'lookup_embedder.initialize_args.xavier_normal_.gain': 1.0}
2020-06-14 10:25:46.110566 [b220ec20] Saving checkpoint to .\checkpoint_00001.pt...
2020-06-14 10:25:46.224670 [b220ec20] Registering trial 1/29...
2020-06-14 10:25:46.260704 [b220ec20] Created trial 00001 with parameters: {'train.optimizer_args.lr': 0.14162703400233911, 'train.lr_scheduler_args.patience': 0, 'lookup_embedder.initialize_args.normal_.std': 1.907079605100886e-05, 'lookup_embedder.initialize_args.uniform_.a': -0.4785089367289561, 'distmult.entity_embedder.regularize_weight': 5.02700693582018e-18, 'distmult.relation_embedder.regularize_weight': 4.680829572859134e-19, 'distmult.entity_embedder.dropout': -0.16762414947152138, 'distmult.relation_embedder.dropout': -0.4280645530670881, 'model': 'reciprocal_relations_model', 'train.batch_size': 256, 'train.optimizer': 'Adagrad', 'lookup_embedder.dim': 128, 'lookup_embedder.initialize': 'uniform_', 'lookup_embedder.regularize': '', 'lookup_embedder.regularize_args.weighted': True, 'train.type': '1vsAll', 'train.loss': 'bce', 'train.lr_scheduler': 'ReduceLROnPlateau', 'train.lr_scheduler_args.mode': 'max', 'train.lr_scheduler_args.factor': 0.95, 'train.lr_scheduler_args.threshold': 0.0001, 'lookup_embedder.initialize_args.normal_.mean': 0.0, 'lookup_embedder.initialize_args.xavier_uniform_.gain': 1.0, 'lookup_embedder.initialize_args.xavier_normal_.gain': 1.0}
2020-06-14 10:25:46.293734 [b220ec20] Saving checkpoint to .\checkpoint_00001.pt...
2020-06-14 10:25:46.374807 [b220ec20] Registering trial 2/29...
2020-06-14 10:25:46.419849 [b220ec20] Created trial 00002 with parameters: {'train.optimizer_args.lr': 0.016289859169221, 'train.lr_scheduler_args.patience': 8, 'lookup_embedder.initialize_args.normal_.std': 0.004717996825882204, 'lookup_embedder.initialize_args.uniform_.a': -0.6822958061070368, 'distmult.entity_embedder.regularize_weight': 0.004714602248474383, 'distmult.relation_embedder.regularize_weight': 1.5302293865255622e-06, 'distmult.entity_embedder.dropout': 0.4840378286316991, 'distmult.relation_embedder.dropout': 0.13756089191883802, 'model': 'distmult', 'train.batch_size': 512, 'train.optimizer': 'Adam', 'lookup_embedder.dim': 256, 'lookup_embedder.initialize': 'xavier_uniform_', 'lookup_embedder.regularize': 'l1', 'lookup_embedder.regularize_args.weighted': False, 'train.type': '1vsAll', 'train.loss': 'bce', 'train.lr_scheduler': 'ReduceLROnPlateau', 'train.lr_scheduler_args.mode': 'max', 'train.lr_scheduler_args.factor': 0.95, 'train.lr_scheduler_args.threshold': 0.0001, 'lookup_embedder.initialize_args.normal_.mean': 0.0, 'lookup_embedder.initialize_args.xavier_uniform_.gain': 1.0, 'lookup_embedder.initialize_args.xavier_normal_.gain': 1.0}
2020-06-14 10:25:46.455881 [b220ec20] Saving checkpoint to .\checkpoint_00001.pt...
2020-06-14 10:25:46.535954 [b220ec20] Registering trial 3/29...
2020-06-14 10:25:46.587000 [b220ec20] Created trial 00003 with parameters: {'train.optimizer_args.lr': 0.0022520623944957707, 'train.lr_scheduler_args.patience': 6, 'lookup_embedder.initialize_args.normal_.std': 0.06847898543924298, 'lookup_embedder.initialize_args.uniform_.a': -0.23636003826153462, 'distmult.entity_embedder.regularize_weight': 7.599943802411532e-15, 'distmult.relation_embedder.regularize_weight': 4.774237362547718e-10, 'distmult.entity_embedder.dropout': -0.4691867446526885, 'distmult.relation_embedder.dropout': -0.35670591425150633, 'model': 'distmult', 'train.batch_size': 128, 'train.optimizer': 'Adam', 'lookup_embedder.dim': 128, 'lookup_embedder.initialize': 'uniform_', 'lookup_embedder.regularize': '', 'lookup_embedder.regularize_args.weighted': False, 'train.type': '1vsAll', 'train.loss': 'bce', 'train.lr_scheduler': 'ReduceLROnPlateau', 'train.lr_scheduler_args.mode': 'max', 'train.lr_scheduler_args.factor': 0.95, 'train.lr_scheduler_args.threshold': 0.0001, 'lookup_embedder.initialize_args.normal_.mean': 0.0, 'lookup_embedder.initialize_args.xavier_uniform_.gain': 1.0, 'lookup_embedder.initialize_args.xavier_normal_.gain': 1.0}
2020-06-14 10:25:46.622031 [b220ec20] Saving checkpoint to .\checkpoint_00001.pt...
2020-06-14 10:25:46.700103 [b220ec20] Registering trial 4/29...
2020-06-14 10:25:46.764161 [b220ec20] Created trial 00004 with parameters: {'train.optimizer_args.lr': 0.019580139046901493, 'train.lr_scheduler_args.patience': 4, 'lookup_embedder.initialize_args.normal_.std': 0.0002023299831038551, 'lookup_embedder.initialize_args.uniform_.a': -0.90753396307718, 'distmult.entity_embedder.regularize_weight': 8.060630711127372e-11, 'distmult.relation_embedder.regularize_weight': 7.190952293186328e-18, 'distmult.entity_embedder.dropout': 0.16058462113142014, 'distmult.relation_embedder.dropout': 0.08574721589684486, 'model': 'reciprocal_relations_model', 'train.batch_size': 512, 'train.optimizer': 'Adagrad', 'lookup_embedder.dim': 256, 'lookup_embedder.initialize': 'normal_', 'lookup_embedder.regularize': 'l2', 'lookup_embedder.regularize_args.weighted': True, 'train.type': '1vsAll', 'train.loss': 'bce', 'train.lr_scheduler': 'ReduceLROnPlateau', 'train.lr_scheduler_args.mode': 'max', 'train.lr_scheduler_args.factor': 0.95, 'train.lr_scheduler_args.threshold': 0.0001, 'lookup_embedder.initialize_args.normal_.mean': 0.0, 'lookup_embedder.initialize_args.xavier_uniform_.gain': 1.0, 'lookup_embedder.initialize_args.xavier_normal_.gain': 1.0}
2020-06-14 10:25:46.797191 [b220ec20] Saving checkpoint to .\checkpoint_00001.pt...
2020-06-14 10:25:46.798193 [b220ec20] No more free workers.
2020-06-14 10:25:46.799194 [b220ec20] Waiting for tasks to complete...
2020-06-14 10:25:50.191282 [b220ec20] Starting training job .\00000 (1/30) on device cuda:0...
2020-06-14 10:25:50.342429 [b220ec20] Starting training job .\00001 (2/30) on device cuda:1...
2020-06-14 10:25:50.346423 [b220ec20] Starting training job .\00002 (3/30) on device cuda:0...
2020-06-14 10:25:50.354441 [b220ec20] Starting training job .\00003 (4/30) on device cuda:1...
2020-06-14 10:25:50.784135 [b220ec20] Trial 00003 failed: RuntimeError('CUDA error: invalid device ordinal')
2020-06-14 10:25:50.785134 [b220ec20] Trial 00001 failed: RuntimeError('CUDA error: invalid device ordinal')
2020-06-14 10:25:50.786135 [b220ec20] Aborting search due to failure of trial 00003
2020-06-14 10:25:50.786135 [b220ec20] Aborting search due to failure of trial 00001
2020-06-14 10:25:50.793142 [b220ec20] concurrent.futures.process._RemoteTraceback: 
2020-06-14 10:25:50.793142 [b220ec20] """
2020-06-14 10:25:50.793142 [b220ec20] Traceback (most recent call last):
2020-06-14 10:25:50.793142 [b220ec20]   File "C:\Users\Victor\anaconda3\lib\concurrent\futures\process.py", line 239, in _process_worker
2020-06-14 10:25:50.793142 [b220ec20]     r = call_item.fn(*call_item.args, **call_item.kwargs)
2020-06-14 10:25:50.793142 [b220ec20]   File "c:\users\victor\bachelor\kge\kge\job\search.py", line 238, in _run_train_job
2020-06-14 10:25:50.793142 [b220ec20]     raise e
2020-06-14 10:25:50.793142 [b220ec20]   File "c:\users\victor\bachelor\kge\kge\job\search.py", line 150, in _run_train_job
2020-06-14 10:25:50.793142 [b220ec20]     parent_job=search_job,
2020-06-14 10:25:50.793142 [b220ec20]   File "c:\users\victor\bachelor\kge\kge\job\job.py", line 74, in create
2020-06-14 10:25:50.793142 [b220ec20]     config, dataset, parent_job=parent_job, model=model
2020-06-14 10:25:50.793142 [b220ec20]   File "c:\users\victor\bachelor\kge\kge\job\train.py", line 131, in create
2020-06-14 10:25:50.793142 [b220ec20]     return TrainingJob1vsAll(config, dataset, parent_job, model=model)
2020-06-14 10:25:50.793142 [b220ec20]   File "c:\users\victor\bachelor\kge\kge\job\train.py", line 1015, in __init__
2020-06-14 10:25:50.793142 [b220ec20]     super().__init__(config, dataset, parent_job, model=model)
2020-06-14 10:25:50.793142 [b220ec20]   File "c:\users\victor\bachelor\kge\kge\job\train.py", line 61, in __init__
2020-06-14 10:25:50.793142 [b220ec20]     self.model: KgeModel = KgeModel.create(config, dataset)
2020-06-14 10:25:50.793142 [b220ec20]   File "c:\users\victor\bachelor\kge\kge\model\kge_model.py", line 342, in create
2020-06-14 10:25:50.793142 [b220ec20]     model.to(config.get("job.device"))
2020-06-14 10:25:50.793142 [b220ec20]   File "C:\Users\Victor\anaconda3\lib\site-packages\torch\nn\modules\module.py", line 425, in to
2020-06-14 10:25:50.793142 [b220ec20]     return self._apply(convert)
2020-06-14 10:25:50.793142 [b220ec20]   File "C:\Users\Victor\anaconda3\lib\site-packages\torch\nn\modules\module.py", line 201, in _apply
2020-06-14 10:25:50.793142 [b220ec20]     module._apply(fn)
2020-06-14 10:25:50.793142 [b220ec20]   File "C:\Users\Victor\anaconda3\lib\site-packages\torch\nn\modules\module.py", line 201, in _apply
2020-06-14 10:25:50.793142 [b220ec20]     module._apply(fn)
2020-06-14 10:25:50.793142 [b220ec20]   File "C:\Users\Victor\anaconda3\lib\site-packages\torch\nn\modules\module.py", line 223, in _apply
2020-06-14 10:25:50.793142 [b220ec20]     param_applied = fn(param)
2020-06-14 10:25:50.793142 [b220ec20]   File "C:\Users\Victor\anaconda3\lib\site-packages\torch\nn\modules\module.py", line 423, in convert
2020-06-14 10:25:50.793142 [b220ec20]     return t.to(device, dtype if t.is_floating_point() else None, non_blocking)
2020-06-14 10:25:50.793142 [b220ec20] RuntimeError: CUDA error: invalid device ordinal
2020-06-14 10:25:50.793142 [b220ec20] """
2020-06-14 10:25:50.793142 [b220ec20] 
2020-06-14 10:25:50.793142 [b220ec20] The above exception was the direct cause of the following exception:
2020-06-14 10:25:50.793142 [b220ec20] 
2020-06-14 10:25:50.793142 [b220ec20] Traceback (most recent call last):
2020-06-14 10:25:50.793142 [b220ec20]   File "c:\users\victor\bachelor\kge\kge\cli.py", line 295, in main
2020-06-14 10:25:50.793142 [b220ec20]     job.run()
2020-06-14 10:25:50.793142 [b220ec20]   File "c:\users\victor\bachelor\kge\kge\job\auto_search.py", line 168, in run
2020-06-14 10:25:50.793142 [b220ec20]     (self, trial_no, config, self.num_trials, list(parameters.keys())),
2020-06-14 10:25:50.793142 [b220ec20]   File "c:\users\victor\bachelor\kge\kge\job\search.py", line 82, in submit_task
2020-06-14 10:25:50.793142 [b220ec20]     self.wait_task()
2020-06-14 10:25:50.793142 [b220ec20]   File "c:\users\victor\bachelor\kge\kge\job\search.py", line 104, in wait_task
2020-06-14 10:25:50.793142 [b220ec20]     self.ready_task_results.append(task.result())
2020-06-14 10:25:50.793142 [b220ec20]   File "C:\Users\Victor\anaconda3\lib\concurrent\futures\_base.py", line 428, in result
2020-06-14 10:25:50.793142 [b220ec20]     return self.__get_result()
2020-06-14 10:25:50.793142 [b220ec20]   File "C:\Users\Victor\anaconda3\lib\concurrent\futures\_base.py", line 384, in __get_result
2020-06-14 10:25:50.793142 [b220ec20]     raise self._exception
2020-06-14 10:25:50.793142 [b220ec20] RuntimeError: CUDA error: invalid device ordinal
2020-06-14 10:26:00.064593 [b220ec20]   10902 distinct sp pairs in train
2020-06-14 10:26:00.163683 [b220ec20]   10902 distinct sp pairs in train
2020-06-14 10:26:00.173693 [b220ec20]   7186 distinct po pairs in train
2020-06-14 10:26:00.231745 [b220ec20]   4296 distinct sp pairs in valid
2020-06-14 10:26:00.251764 [b220ec20]   7186 distinct po pairs in train
2020-06-14 10:26:00.262774 [b220ec20]   4296 distinct sp pairs in valid
2020-06-14 10:26:00.268771 [b220ec20]   3042 distinct po pairs in valid
2020-06-14 10:26:00.297805 [b220ec20]   3042 distinct po pairs in valid
2020-06-14 10:26:00.299807 [b220ec20]   4347 distinct sp pairs in test
2020-06-14 10:26:00.308816 [b220ec20]   4347 distinct sp pairs in test
2020-06-14 10:26:00.337842 [b220ec20]   2983 distinct po pairs in test
2020-06-14 10:26:00.347851 [b220ec20]   2983 distinct po pairs in test
2020-06-14 10:26:02.181520 [b220ec20] Loaded relation index
2020-06-14 10:26:02.182512 [b220ec20]   15 relations of type M-1
2020-06-14 10:26:02.182512 [b220ec20]   19 relations of type 1-1
2020-06-14 10:26:02.183512 [b220ec20]   7 relations of type M-N
2020-06-14 10:26:02.183512 [b220ec20]   6 relations of type 1-N
2020-06-14 10:26:02.198536 [b220ec20] Loaded relation index
2020-06-14 10:26:02.198536 [b220ec20]   15 relations of type M-1
2020-06-14 10:26:02.199527 [b220ec20]   19 relations of type 1-1
2020-06-14 10:26:02.199527 [b220ec20]   7 relations of type M-N
2020-06-14 10:26:02.201538 [b220ec20]   6 relations of type 1-N
2020-06-14 10:33:01.312661 [b220ec20] Best result in this training job:
2020-06-14 10:33:01.384727 [b220ec20]   batches: 23
2020-06-14 10:33:01.384727 [b220ec20]   child_job_id: fa68a956-9d28-44ed-a575-67d380778e52
2020-06-14 10:33:01.384727 [b220ec20]   distmult.entity_embedder.dropout: 0.4840378286316991
2020-06-14 10:33:01.384727 [b220ec20]   distmult.entity_embedder.regularize_weight: 0.004714602248474383
2020-06-14 10:33:01.384727 [b220ec20]   distmult.relation_embedder.dropout: 0.13756089191883802
2020-06-14 10:33:01.384727 [b220ec20]   distmult.relation_embedder.regularize_weight: 1.5302293865255622e-06
2020-06-14 10:33:01.385727 [b220ec20]   entry_id: dd22837d-c6b4-4347-a640-03d8a746383a
2020-06-14 10:33:01.385727 [b220ec20]   epoch: 45
2020-06-14 10:33:01.385727 [b220ec20]   epoch_time: 34.20414113998413
2020-06-14 10:33:01.385727 [b220ec20]   event: search_completed
2020-06-14 10:33:01.385727 [b220ec20]   filter_splits:
2020-06-14 10:33:01.385727 [b220ec20]   - train
2020-06-14 10:33:01.385727 [b220ec20]   - valid
2020-06-14 10:33:01.385727 [b220ec20]   folder: '00002'
2020-06-14 10:33:01.386728 [b220ec20]   hits_at_1: 0.00017108640167862177
2020-06-14 10:33:01.386728 [b220ec20]   hits_at_10: 0.0005988024058751762
2020-06-14 10:33:01.386728 [b220ec20]   hits_at_100: 0.004362703301012516
2020-06-14 10:33:01.386728 [b220ec20]   hits_at_1000: 0.04080410674214363
2020-06-14 10:33:01.386728 [b220ec20]   hits_at_1000_1-1: 0.18815790116786957
2020-06-14 10:33:01.386728 [b220ec20]   hits_at_1000_1-N: 0.0025597268249839544
2020-06-14 10:33:01.386728 [b220ec20]   hits_at_1000_M-1: 0.011967308819293976
2020-06-14 10:33:01.386728 [b220ec20]   hits_at_1000_M-N: 0.0008312552236020565
2020-06-14 10:33:01.387729 [b220ec20]   hits_at_1000_filtered: 0.04080410674214363
2020-06-14 10:33:01.387729 [b220ec20]   hits_at_1000_filtered_1-1: 0.18815790116786957
2020-06-14 10:33:01.387729 [b220ec20]   hits_at_1000_filtered_1-N: 0.0025597268249839544
2020-06-14 10:33:01.387729 [b220ec20]   hits_at_1000_filtered_M-1: 0.011967308819293976
2020-06-14 10:33:01.387729 [b220ec20]   hits_at_1000_filtered_M-N: 0.0008312552236020565
2020-06-14 10:33:01.387729 [b220ec20]   hits_at_1000_filtered_with_test: 0.04080410674214363
2020-06-14 10:33:01.387729 [b220ec20]   hits_at_1000_filtered_with_test_1-1: 0.18815790116786957
2020-06-14 10:33:01.387729 [b220ec20]   hits_at_1000_filtered_with_test_1-N: 0.0025597268249839544
2020-06-14 10:33:01.388730 [b220ec20]   hits_at_1000_filtered_with_test_M-1: 0.011967308819293976
2020-06-14 10:33:01.388730 [b220ec20]   hits_at_1000_filtered_with_test_M-N: 0.0008312552236020565
2020-06-14 10:33:01.388730 [b220ec20]   hits_at_100_1-1: 0.019736843183636665
2020-06-14 10:33:01.388730 [b220ec20]   hits_at_100_1-N: 0.0
2020-06-14 10:33:01.388730 [b220ec20]   hits_at_100_M-1: 0.0017513134516775608
2020-06-14 10:33:01.388730 [b220ec20]   hits_at_100_M-N: 0.0
2020-06-14 10:33:01.388730 [b220ec20]   hits_at_100_filtered: 0.004362703301012516
2020-06-14 10:33:01.388730 [b220ec20]   hits_at_100_filtered_1-1: 0.019736843183636665
2020-06-14 10:33:01.389731 [b220ec20]   hits_at_100_filtered_1-N: 0.0
2020-06-14 10:33:01.389731 [b220ec20]   hits_at_100_filtered_M-1: 0.0017513134516775608
2020-06-14 10:33:01.389731 [b220ec20]   hits_at_100_filtered_M-N: 0.0
2020-06-14 10:33:01.389731 [b220ec20]   hits_at_100_filtered_with_test: 0.004362703301012516
2020-06-14 10:33:01.389731 [b220ec20]   hits_at_100_filtered_with_test_1-1: 0.019736843183636665
2020-06-14 10:33:01.389731 [b220ec20]   hits_at_100_filtered_with_test_1-N: 0.0
2020-06-14 10:33:01.389731 [b220ec20]   hits_at_100_filtered_with_test_M-1: 0.0017513134516775608
2020-06-14 10:33:01.390732 [b220ec20]   hits_at_100_filtered_with_test_M-N: 0.0
2020-06-14 10:33:01.390732 [b220ec20]   hits_at_10_1-1: 0.001754386001266539
2020-06-14 10:33:01.390732 [b220ec20]   hits_at_10_1-N: 0.0
2020-06-14 10:33:01.390732 [b220ec20]   hits_at_10_M-1: 0.0008756567258387804
2020-06-14 10:33:01.390732 [b220ec20]   hits_at_10_M-N: 0.0
2020-06-14 10:33:01.390732 [b220ec20]   hits_at_10_filtered: 0.0005988024058751762
2020-06-14 10:33:01.390732 [b220ec20]   hits_at_10_filtered_1-1: 0.001754386001266539
2020-06-14 10:33:01.391733 [b220ec20]   hits_at_10_filtered_1-N: 0.0
2020-06-14 10:33:01.391733 [b220ec20]   hits_at_10_filtered_M-1: 0.0008756567258387804
2020-06-14 10:33:01.391733 [b220ec20]   hits_at_10_filtered_M-N: 0.0
2020-06-14 10:33:01.391733 [b220ec20]   hits_at_10_filtered_with_test: 0.0005988024058751762
2020-06-14 10:33:01.391733 [b220ec20]   hits_at_10_filtered_with_test_1-1: 0.001754386001266539
2020-06-14 10:33:01.391733 [b220ec20]   hits_at_10_filtered_with_test_1-N: 0.0
2020-06-14 10:33:01.391733 [b220ec20]   hits_at_10_filtered_with_test_M-1: 0.0008756567258387804
2020-06-14 10:33:01.391733 [b220ec20]   hits_at_10_filtered_with_test_M-N: 0.0
2020-06-14 10:33:01.392734 [b220ec20]   hits_at_1_1-1: 0.0
2020-06-14 10:33:01.392734 [b220ec20]   hits_at_1_1-N: 0.0
2020-06-14 10:33:01.392734 [b220ec20]   hits_at_1_M-1: 0.0005837711505591869
2020-06-14 10:33:01.392734 [b220ec20]   hits_at_1_M-N: 0.0
2020-06-14 10:33:01.392734 [b220ec20]   hits_at_1_filtered: 0.00017108640167862177
2020-06-14 10:33:01.392734 [b220ec20]   hits_at_1_filtered_1-1: 0.0
2020-06-14 10:33:01.392734 [b220ec20]   hits_at_1_filtered_1-N: 0.0
2020-06-14 10:33:01.392734 [b220ec20]   hits_at_1_filtered_M-1: 0.0005837711505591869
2020-06-14 10:33:01.398740 [b220ec20]   hits_at_1_filtered_M-N: 0.0
2020-06-14 10:33:01.398740 [b220ec20]   hits_at_1_filtered_with_test: 0.00017108640167862177
2020-06-14 10:33:01.398740 [b220ec20]   hits_at_1_filtered_with_test_1-1: 0.0
2020-06-14 10:33:01.399740 [b220ec20]   hits_at_1_filtered_with_test_1-N: 0.0
2020-06-14 10:33:01.399740 [b220ec20]   hits_at_1_filtered_with_test_M-1: 0.0005837711505591869
2020-06-14 10:33:01.399740 [b220ec20]   hits_at_1_filtered_with_test_M-N: 0.0
2020-06-14 10:33:01.399740 [b220ec20]   hits_at_200: 0.008639863692224026
2020-06-14 10:33:01.399740 [b220ec20]   hits_at_200_1-1: 0.03903508931398392
2020-06-14 10:33:01.399740 [b220ec20]   hits_at_200_1-N: 0.0
2020-06-14 10:33:01.399740 [b220ec20]   hits_at_200_M-1: 0.0035026269033551216
2020-06-14 10:33:01.400741 [b220ec20]   hits_at_200_M-N: 0.0
2020-06-14 10:33:01.400741 [b220ec20]   hits_at_200_filtered: 0.008639863692224026
2020-06-14 10:33:01.400741 [b220ec20]   hits_at_200_filtered_1-1: 0.03903508931398392
2020-06-14 10:33:01.400741 [b220ec20]   hits_at_200_filtered_1-N: 0.0
2020-06-14 10:33:01.400741 [b220ec20]   hits_at_200_filtered_M-1: 0.0035026269033551216
2020-06-14 10:33:01.400741 [b220ec20]   hits_at_200_filtered_M-N: 0.0
2020-06-14 10:33:01.400741 [b220ec20]   hits_at_200_filtered_with_test: 0.008639863692224026
2020-06-14 10:33:01.401742 [b220ec20]   hits_at_200_filtered_with_test_1-1: 0.03903508931398392
2020-06-14 10:33:01.401742 [b220ec20]   hits_at_200_filtered_with_test_1-N: 0.0
2020-06-14 10:33:01.401742 [b220ec20]   hits_at_200_filtered_with_test_M-1: 0.0035026269033551216
2020-06-14 10:33:01.401742 [b220ec20]   hits_at_200_filtered_with_test_M-N: 0.0
2020-06-14 10:33:01.401742 [b220ec20]   hits_at_3: 0.00034217280335724354
2020-06-14 10:33:01.401742 [b220ec20]   hits_at_300: 0.01291702315211296
2020-06-14 10:33:01.401742 [b220ec20]   hits_at_300_1-1: 0.05833333358168602
2020-06-14 10:33:01.401742 [b220ec20]   hits_at_300_1-N: 0.0008532422943972051
2020-06-14 10:33:01.402743 [b220ec20]   hits_at_300_M-1: 0.004962055012583733
2020-06-14 10:33:01.402743 [b220ec20]   hits_at_300_M-N: 0.0
2020-06-14 10:33:01.402743 [b220ec20]   hits_at_300_filtered: 0.01291702315211296
2020-06-14 10:33:01.402743 [b220ec20]   hits_at_300_filtered_1-1: 0.05833333358168602
2020-06-14 10:33:01.402743 [b220ec20]   hits_at_300_filtered_1-N: 0.0008532422943972051
2020-06-14 10:33:01.402743 [b220ec20]   hits_at_300_filtered_M-1: 0.004962055012583733
2020-06-14 10:33:01.402743 [b220ec20]   hits_at_300_filtered_M-N: 0.0
2020-06-14 10:33:01.402743 [b220ec20]   hits_at_300_filtered_with_test: 0.01291702315211296
2020-06-14 10:33:01.402743 [b220ec20]   hits_at_300_filtered_with_test_1-1: 0.05833333358168602
2020-06-14 10:33:01.402743 [b220ec20]   hits_at_300_filtered_with_test_1-N: 0.0008532422943972051
2020-06-14 10:33:01.403744 [b220ec20]   hits_at_300_filtered_with_test_M-1: 0.004962055012583733
2020-06-14 10:33:01.403744 [b220ec20]   hits_at_300_filtered_with_test_M-N: 0.0
2020-06-14 10:33:01.403744 [b220ec20]   hits_at_3_1-1: 0.0004385965003166348
2020-06-14 10:33:01.403744 [b220ec20]   hits_at_3_1-N: 0.0
2020-06-14 10:33:01.403744 [b220ec20]   hits_at_3_M-1: 0.0008756567258387804
2020-06-14 10:33:01.403744 [b220ec20]   hits_at_3_M-N: 0.0
2020-06-14 10:33:01.403744 [b220ec20]   hits_at_3_filtered: 0.00034217280335724354
2020-06-14 10:33:01.403744 [b220ec20]   hits_at_3_filtered_1-1: 0.0004385965003166348
2020-06-14 10:33:01.403744 [b220ec20]   hits_at_3_filtered_1-N: 0.0
2020-06-14 10:33:01.403744 [b220ec20]   hits_at_3_filtered_M-1: 0.0008756567258387804
2020-06-14 10:33:01.404745 [b220ec20]   hits_at_3_filtered_M-N: 0.0
2020-06-14 10:33:01.404745 [b220ec20]   hits_at_3_filtered_with_test: 0.00034217280335724354
2020-06-14 10:33:01.404745 [b220ec20]   hits_at_3_filtered_with_test_1-1: 0.0004385965003166348
2020-06-14 10:33:01.404745 [b220ec20]   hits_at_3_filtered_with_test_1-N: 0.0
2020-06-14 10:33:01.404745 [b220ec20]   hits_at_3_filtered_with_test_M-1: 0.0008756567258387804
2020-06-14 10:33:01.404745 [b220ec20]   hits_at_3_filtered_with_test_M-N: 0.0
2020-06-14 10:33:01.404745 [b220ec20]   hits_at_400: 0.01719418354332447
2020-06-14 10:33:01.404745 [b220ec20]   hits_at_400_1-1: 0.07938596606254578
2020-06-14 10:33:01.404745 [b220ec20]   hits_at_400_1-N: 0.0008532422943972051
2020-06-14 10:33:01.404745 [b220ec20]   hits_at_400_M-1: 0.005545825697481632
2020-06-14 10:33:01.404745 [b220ec20]   hits_at_400_M-N: 0.0
2020-06-14 10:33:01.404745 [b220ec20]   hits_at_400_filtered: 0.01719418354332447
2020-06-14 10:33:01.404745 [b220ec20]   hits_at_400_filtered_1-1: 0.07938596606254578
2020-06-14 10:33:01.405746 [b220ec20]   hits_at_400_filtered_1-N: 0.0008532422943972051
2020-06-14 10:33:01.405746 [b220ec20]   hits_at_400_filtered_M-1: 0.005545825697481632
2020-06-14 10:33:01.405746 [b220ec20]   hits_at_400_filtered_M-N: 0.0
2020-06-14 10:33:01.405746 [b220ec20]   hits_at_400_filtered_with_test: 0.01719418354332447
2020-06-14 10:33:01.405746 [b220ec20]   hits_at_400_filtered_with_test_1-1: 0.07938596606254578
2020-06-14 10:33:01.405746 [b220ec20]   hits_at_400_filtered_with_test_1-N: 0.0008532422943972051
2020-06-14 10:33:01.405746 [b220ec20]   hits_at_400_filtered_with_test_M-1: 0.005545825697481632
2020-06-14 10:33:01.405746 [b220ec20]   hits_at_400_filtered_with_test_M-N: 0.0
2020-06-14 10:33:01.405746 [b220ec20]   hits_at_50: 0.0025662961415946484
2020-06-14 10:33:01.405746 [b220ec20]   hits_at_500: 0.021214714273810387
2020-06-14 10:33:01.405746 [b220ec20]   hits_at_500_1-1: 0.09868421405553818
2020-06-14 10:33:01.405746 [b220ec20]   hits_at_500_1-N: 0.0017064845887944102
2020-06-14 10:33:01.405746 [b220ec20]   hits_at_500_M-1: 0.0061295973137021065
2020-06-14 10:33:01.405746 [b220ec20]   hits_at_500_M-N: 0.0
2020-06-14 10:33:01.406747 [b220ec20]   hits_at_500_filtered: 0.021214714273810387
2020-06-14 10:33:01.406747 [b220ec20]   hits_at_500_filtered_1-1: 0.09868421405553818
2020-06-14 10:33:01.406747 [b220ec20]   hits_at_500_filtered_1-N: 0.0017064845887944102
2020-06-14 10:33:01.406747 [b220ec20]   hits_at_500_filtered_M-1: 0.0061295973137021065
2020-06-14 10:33:01.406747 [b220ec20]   hits_at_500_filtered_M-N: 0.0
2020-06-14 10:33:01.406747 [b220ec20]   hits_at_500_filtered_with_test: 0.021214714273810387
2020-06-14 10:33:01.406747 [b220ec20]   hits_at_500_filtered_with_test_1-1: 0.09868421405553818
2020-06-14 10:33:01.406747 [b220ec20]   hits_at_500_filtered_with_test_1-N: 0.0017064845887944102
2020-06-14 10:33:01.406747 [b220ec20]   hits_at_500_filtered_with_test_M-1: 0.0061295973137021065
2020-06-14 10:33:01.406747 [b220ec20]   hits_at_500_filtered_with_test_M-N: 0.0
2020-06-14 10:33:01.406747 [b220ec20]   hits_at_50_1-1: 0.010964912362396717
2020-06-14 10:33:01.406747 [b220ec20]   hits_at_50_1-N: 0.0
2020-06-14 10:33:01.406747 [b220ec20]   hits_at_50_M-1: 0.0014594278763979673
2020-06-14 10:33:01.412753 [b220ec20]   hits_at_50_M-N: 0.0
2020-06-14 10:33:01.412753 [b220ec20]   hits_at_50_filtered: 0.0025662961415946484
2020-06-14 10:33:01.412753 [b220ec20]   hits_at_50_filtered_1-1: 0.010964912362396717
2020-06-14 10:33:01.413753 [b220ec20]   hits_at_50_filtered_1-N: 0.0
2020-06-14 10:33:01.413753 [b220ec20]   hits_at_50_filtered_M-1: 0.0014594278763979673
2020-06-14 10:33:01.413753 [b220ec20]   hits_at_50_filtered_M-N: 0.0
2020-06-14 10:33:01.413753 [b220ec20]   hits_at_50_filtered_with_test: 0.0025662961415946484
2020-06-14 10:33:01.413753 [b220ec20]   hits_at_50_filtered_with_test_1-1: 0.010964912362396717
2020-06-14 10:33:01.413753 [b220ec20]   hits_at_50_filtered_with_test_1-N: 0.0
2020-06-14 10:33:01.413753 [b220ec20]   hits_at_50_filtered_with_test_M-1: 0.0014594278763979673
2020-06-14 10:33:01.414754 [b220ec20]   hits_at_50_filtered_with_test_M-N: 0.0
2020-06-14 10:33:01.414754 [b220ec20]   job: search
2020-06-14 10:33:01.414754 [b220ec20]   job_id: b220ec20-5616-491b-9868-42497eeb5c60
2020-06-14 10:33:01.414754 [b220ec20]   lookup_embedder.dim: 256
2020-06-14 10:33:01.414754 [b220ec20]   lookup_embedder.initialize: xavier_uniform_
2020-06-14 10:33:01.414754 [b220ec20]   lookup_embedder.initialize_args.normal_.mean: 0.0
2020-06-14 10:33:01.414754 [b220ec20]   lookup_embedder.initialize_args.normal_.std: 0.004717996825882204
2020-06-14 10:33:01.415755 [b220ec20]   lookup_embedder.initialize_args.uniform_.a: -0.6822958061070368
2020-06-14 10:33:01.415755 [b220ec20]   lookup_embedder.initialize_args.xavier_normal_.gain: 1.0
2020-06-14 10:33:01.415755 [b220ec20]   lookup_embedder.initialize_args.xavier_uniform_.gain: 1.0
2020-06-14 10:33:01.415755 [b220ec20]   lookup_embedder.regularize: lp
2020-06-14 10:33:01.415755 [b220ec20]   lookup_embedder.regularize_args.weighted: false
2020-06-14 10:33:01.415755 [b220ec20]   mean_rank: 6843.595551753636
2020-06-14 10:33:01.415755 [b220ec20]   mean_rank_1-1: 4310.23552631579
2020-06-14 10:33:01.416756 [b220ec20]   mean_rank_1-N: 7594.930034129693
2020-06-14 10:33:01.416756 [b220ec20]   mean_rank_M-1: 7363.063631056626
2020-06-14 10:33:01.416756 [b220ec20]   mean_rank_M-N: 7491.100581878637
2020-06-14 10:33:01.416756 [b220ec20]   mean_rank_filtered: 6811.709153122327
2020-06-14 10:33:01.416756 [b220ec20]   mean_rank_filtered_1-1: 4310.1557017543855
2020-06-14 10:33:01.416756 [b220ec20]   mean_rank_filtered_1-N: 7536.196245733789
2020-06-14 10:33:01.416756 [b220ec20]   mean_rank_filtered_M-1: 7288.67483946293
2020-06-14 10:33:01.416756 [b220ec20]   mean_rank_filtered_M-N: 7480.943474646717
2020-06-14 10:33:01.417757 [b220ec20]   mean_rank_filtered_with_test: 6802.764071856287
2020-06-14 10:33:01.417757 [b220ec20]   mean_rank_filtered_with_test_1-1: 4310.132456140351
2020-06-14 10:33:01.417757 [b220ec20]   mean_rank_filtered_with_test_1-N: 7519.581058020478
2020-06-14 10:33:01.417757 [b220ec20]   mean_rank_filtered_with_test_M-1: 7267.436077057793
2020-06-14 10:33:01.417757 [b220ec20]   mean_rank_filtered_with_test_M-N: 7478.393183707398
2020-06-14 10:33:01.417757 [b220ec20]   mean_reciprocal_rank: 0.0006651751907387791
2020-06-14 10:33:01.417757 [b220ec20]   mean_reciprocal_rank_1-1: 0.0016575369918555543
2020-06-14 10:33:01.417757 [b220ec20]   mean_reciprocal_rank_1-N: 0.00014062489004672184
2020-06-14 10:33:01.418758 [b220ec20]   mean_reciprocal_rank_M-1: 0.000924604160355603
2020-06-14 10:33:01.418758 [b220ec20]   mean_reciprocal_rank_M-N: 0.00013803159903211587
2020-06-14 10:33:01.418758 [b220ec20]   mean_reciprocal_rank_filtered: 0.0006658375416177272
2020-06-14 10:33:01.418758 [b220ec20]   mean_reciprocal_rank_filtered_1-1: 0.001657538560398838
2020-06-14 10:33:01.418758 [b220ec20]   mean_reciprocal_rank_filtered_1-N: 0.00014171983296553837
2020-06-14 10:33:01.418758 [b220ec20]   mean_reciprocal_rank_filtered_M-1: 0.0009262436534393898
2020-06-14 10:33:01.418758 [b220ec20]   mean_reciprocal_rank_filtered_M-N: 0.00013820605285942605
2020-06-14 10:33:01.419759 [b220ec20]   mean_reciprocal_rank_filtered_with_test: 0.0006660505887073161
2020-06-14 10:33:01.419759 [b220ec20]   mean_reciprocal_rank_filtered_with_test_1-1: 0.001657538978677047
2020-06-14 10:33:01.419759 [b220ec20]   mean_reciprocal_rank_filtered_with_test_1-N: 0.00014205387580516803
2020-06-14 10:33:01.419759 [b220ec20]   mean_reciprocal_rank_filtered_with_test_M-1: 0.0009267930043627487
2020-06-14 10:33:01.419759 [b220ec20]   mean_reciprocal_rank_filtered_with_test_M-N: 0.00013825070679633695
2020-06-14 10:33:01.419759 [b220ec20]   metric_name: mean_reciprocal_rank_filtered_with_test
2020-06-14 10:33:01.420760 [b220ec20]   metric_value: 0.0006660505887073161
2020-06-14 10:33:01.420760 [b220ec20]   model: distmult
2020-06-14 10:33:01.420760 [b220ec20]   num_parameters: 2132224
2020-06-14 10:33:01.420760 [b220ec20]   scope: train
2020-06-14 10:33:01.420760 [b220ec20]   size: 5845
2020-06-14 10:33:01.420760 [b220ec20]   split: valid
2020-06-14 10:33:01.420760 [b220ec20]   timestamp: 1592155981.3126614
2020-06-14 10:33:01.421760 [b220ec20]   train.batch_size: 512
2020-06-14 10:33:01.426765 [b220ec20]   train.loss: bce
2020-06-14 10:33:01.426765 [b220ec20]   train.lr_scheduler: ReduceLROnPlateau
2020-06-14 10:33:01.426765 [b220ec20]   train.lr_scheduler_args.factor: 0.95
2020-06-14 10:33:01.426765 [b220ec20]   train.lr_scheduler_args.mode: max
2020-06-14 10:33:01.426765 [b220ec20]   train.lr_scheduler_args.patience: 8
2020-06-14 10:33:01.427766 [b220ec20]   train.lr_scheduler_args.threshold: 0.0001
2020-06-14 10:33:01.427766 [b220ec20]   train.optimizer: Adam
2020-06-14 10:33:01.427766 [b220ec20]   train.optimizer_args.lr: 0.016289859169221
2020-06-14 10:33:01.427766 [b220ec20]   train.type: 1vsAll
2020-06-14 10:34:36.488139 [b220ec20] Best result in this training job:
2020-06-14 10:34:36.538186 [b220ec20]   batches: 23
2020-06-14 10:34:36.538186 [b220ec20]   child_job_id: c00dd01a-dd76-478b-877f-d8820ad828d6
2020-06-14 10:34:36.539187 [b220ec20]   distmult.entity_embedder.dropout: 0.025142960250377655
2020-06-14 10:34:36.539187 [b220ec20]   distmult.entity_embedder.regularize_weight: 2.1718787318241999e-13
2020-06-14 10:34:36.539187 [b220ec20]   distmult.relation_embedder.dropout: -0.010118830017745495
2020-06-14 10:34:36.539187 [b220ec20]   distmult.relation_embedder.regularize_weight: 2.9377665716486074e-05
2020-06-14 10:34:36.539187 [b220ec20]   entry_id: 28b9b8b6-676b-4f17-ab1b-c56f1941776a
2020-06-14 10:34:36.539187 [b220ec20]   epoch: 20
2020-06-14 10:34:36.540188 [b220ec20]   epoch_time: 32.87993407249451
2020-06-14 10:34:36.540188 [b220ec20]   event: search_completed
2020-06-14 10:34:36.540188 [b220ec20]   filter_splits:
2020-06-14 10:34:36.540188 [b220ec20]   - train
2020-06-14 10:34:36.540188 [b220ec20]   - valid
2020-06-14 10:34:36.540188 [b220ec20]   folder: '00000'
2020-06-14 10:34:36.540188 [b220ec20]   hits_at_1: 0.08502994477748871
2020-06-14 10:34:36.540188 [b220ec20]   hits_at_10: 0.34054747223854065
2020-06-14 10:34:36.541188 [b220ec20]   hits_at_100: 0.5373823642730713
2020-06-14 10:34:36.541188 [b220ec20]   hits_at_1000: 0.7690333724021912
2020-06-14 10:34:36.541188 [b220ec20]   hits_at_1000_1-1: 0.2942982614040375
2020-06-14 10:34:36.541188 [b220ec20]   hits_at_1000_1-N: 0.8907849788665771
2020-06-14 10:34:36.541188 [b220ec20]   hits_at_1000_M-1: 0.7787507176399231
2020-06-14 10:34:36.541188 [b220ec20]   hits_at_1000_M-N: 0.9573981761932373
2020-06-14 10:34:36.541188 [b220ec20]   hits_at_1000_filtered: 0.7915312647819519
2020-06-14 10:34:36.542189 [b220ec20]   hits_at_1000_filtered_1-1: 0.2942982614040375
2020-06-14 10:34:36.542189 [b220ec20]   hits_at_1000_filtered_1-N: 0.9308873414993286
2020-06-14 10:34:36.542189 [b220ec20]   hits_at_1000_filtered_M-1: 0.8391710519790649
2020-06-14 10:34:36.542189 [b220ec20]   hits_at_1000_filtered_M-N: 0.9592685103416443
2020-06-14 10:34:36.542189 [b220ec20]   hits_at_1000_filtered_with_test: 0.7932420969009399
2020-06-14 10:34:36.542189 [b220ec20]   hits_at_1000_filtered_with_test_1-1: 0.2942982614040375
2020-06-14 10:34:36.542189 [b220ec20]   hits_at_1000_filtered_with_test_1-N: 0.9343003034591675
2020-06-14 10:34:36.543190 [b220ec20]   hits_at_1000_filtered_with_test_M-1: 0.8438411951065063
2020-06-14 10:34:36.543190 [b220ec20]   hits_at_1000_filtered_with_test_M-N: 0.9592685103416443
2020-06-14 10:34:36.543190 [b220ec20]   hits_at_100_1-1: 0.05921052768826485
2020-06-14 10:34:36.543190 [b220ec20]   hits_at_100_1-N: 0.6160409450531006
2020-06-14 10:34:36.543190 [b220ec20]   hits_at_100_M-1: 0.5224751830101013
2020-06-14 10:34:36.543190 [b220ec20]   hits_at_100_M-N: 0.7554031610488892
2020-06-14 10:34:36.543190 [b220ec20]   hits_at_100_filtered: 0.5846877694129944
2020-06-14 10:34:36.543190 [b220ec20]   hits_at_100_filtered_1-1: 0.05964912474155426
2020-06-14 10:34:36.544192 [b220ec20]   hits_at_100_filtered_1-N: 0.7047781348228455
2020-06-14 10:34:36.544192 [b220ec20]   hits_at_100_filtered_M-1: 0.5893169641494751
2020-06-14 10:34:36.544192 [b220ec20]   hits_at_100_filtered_M-N: 0.8009144067764282
2020-06-14 10:34:36.544192 [b220ec20]   hits_at_100_filtered_with_test: 0.5998288989067078
2020-06-14 10:34:36.544192 [b220ec20]   hits_at_100_filtered_with_test_1-1: 0.05964912474155426
2020-06-14 10:34:36.544192 [b220ec20]   hits_at_100_filtered_with_test_1-N: 0.7465869784355164
2020-06-14 10:34:36.544192 [b220ec20]   hits_at_100_filtered_with_test_M-1: 0.6228837966918945
2020-06-14 10:34:36.544192 [b220ec20]   hits_at_100_filtered_with_test_M-N: 0.8036159873008728
2020-06-14 10:34:36.545191 [b220ec20]   hits_at_10_1-1: 0.018421053886413574
2020-06-14 10:34:36.545191 [b220ec20]   hits_at_10_1-N: 0.4581911265850067
2020-06-14 10:34:36.545191 [b220ec20]   hits_at_10_M-1: 0.3721541166305542
2020-06-14 10:34:36.545191 [b220ec20]   hits_at_10_M-N: 0.4420199692249298
2020-06-14 10:34:36.545191 [b220ec20]   hits_at_10_filtered: 0.4212147295475006
2020-06-14 10:34:36.545191 [b220ec20]   hits_at_10_filtered_1-1: 0.01885964907705784
2020-06-14 10:34:36.545191 [b220ec20]   hits_at_10_filtered_1-N: 0.5460750460624695
2020-06-14 10:34:36.545191 [b220ec20]   hits_at_10_filtered_M-1: 0.4182720184326172
2020-06-14 10:34:36.545191 [b220ec20]   hits_at_10_filtered_M-N: 0.5835411548614502
2020-06-14 10:34:36.546192 [b220ec20]   hits_at_10_filtered_with_test: 0.44328486919403076
2020-06-14 10:34:36.546192 [b220ec20]   hits_at_10_filtered_with_test_1-1: 0.01885964907705784
2020-06-14 10:34:36.546192 [b220ec20]   hits_at_10_filtered_with_test_1-N: 0.5776450037956238
2020-06-14 10:34:36.546192 [b220ec20]   hits_at_10_filtered_with_test_M-1: 0.44862812757492065
2020-06-14 10:34:36.546192 [b220ec20]   hits_at_10_filtered_with_test_M-N: 0.6078553795814514
2020-06-14 10:34:36.546192 [b220ec20]   hits_at_1_1-1: 0.0026315790601074696
2020-06-14 10:34:36.546192 [b220ec20]   hits_at_1_1-N: 0.25682592391967773
2020-06-14 10:34:36.546192 [b220ec20]   hits_at_1_M-1: 0.11237594485282898
2020-06-14 10:34:36.546192 [b220ec20]   hits_at_1_M-N: 0.06275977194309235
2020-06-14 10:34:36.553198 [b220ec20]   hits_at_1_filtered: 0.21727973222732544
2020-06-14 10:34:36.553198 [b220ec20]   hits_at_1_filtered_1-1: 0.004385964944958687
2020-06-14 10:34:36.553198 [b220ec20]   hits_at_1_filtered_1-N: 0.3609215021133423
2020-06-14 10:34:36.554200 [b220ec20]   hits_at_1_filtered_M-1: 0.1987740695476532
2020-06-14 10:34:36.554200 [b220ec20]   hits_at_1_filtered_M-N: 0.29634249210357666
2020-06-14 10:34:36.554200 [b220ec20]   hits_at_1_filtered_with_test: 0.27861419320106506
2020-06-14 10:34:36.554200 [b220ec20]   hits_at_1_filtered_with_test_1-1: 0.004824561532586813
2020-06-14 10:34:36.554200 [b220ec20]   hits_at_1_filtered_with_test_1-N: 0.420648455619812
2020-06-14 10:34:36.554200 [b220ec20]   hits_at_1_filtered_with_test_M-1: 0.23029771447181702
2020-06-14 10:34:36.554200 [b220ec20]   hits_at_1_filtered_with_test_M-N: 0.40814632177352905
2020-06-14 10:34:36.554200 [b220ec20]   hits_at_200: 0.6000000238418579
2020-06-14 10:34:36.555201 [b220ec20]   hits_at_200_1-1: 0.09429825097322464
2020-06-14 10:34:36.555201 [b220ec20]   hits_at_200_1-N: 0.6723549365997314
2020-06-14 10:34:36.555201 [b220ec20]   hits_at_200_M-1: 0.578225314617157
2020-06-14 10:34:36.555201 [b220ec20]   hits_at_200_M-N: 0.837489664554596
2020-06-14 10:34:36.555201 [b220ec20]   hits_at_200_filtered: 0.64080411195755
2020-06-14 10:34:36.555201 [b220ec20]   hits_at_200_filtered_1-1: 0.09473684430122375
2020-06-14 10:34:36.556201 [b220ec20]   hits_at_200_filtered_1-N: 0.7815699577331543
2020-06-14 10:34:36.556201 [b220ec20]   hits_at_200_filtered_M-1: 0.6511967182159424
2020-06-14 10:34:36.556201 [b220ec20]   hits_at_200_filtered_M-N: 0.8578553795814514
2020-06-14 10:34:36.556201 [b220ec20]   hits_at_200_filtered_with_test: 0.6522669196128845
2020-06-14 10:34:36.556201 [b220ec20]   hits_at_200_filtered_with_test_1-1: 0.09473684430122375
2020-06-14 10:34:36.556201 [b220ec20]   hits_at_200_filtered_with_test_1-N: 0.8114334344863892
2020-06-14 10:34:36.556201 [b220ec20]   hits_at_200_filtered_with_test_M-1: 0.6765907406806946
2020-06-14 10:34:36.556201 [b220ec20]   hits_at_200_filtered_with_test_M-N: 0.860349178314209
2020-06-14 10:34:36.556201 [b220ec20]   hits_at_3: 0.2060735672712326
2020-06-14 10:34:36.556201 [b220ec20]   hits_at_300: 0.6300256848335266
2020-06-14 10:34:36.557202 [b220ec20]   hits_at_300_1-1: 0.12061403691768646
2020-06-14 10:34:36.557202 [b220ec20]   hits_at_300_1-N: 0.6996586918830872
2020-06-14 10:34:36.557202 [b220ec20]   hits_at_300_M-1: 0.6068301200866699
2020-06-14 10:34:36.557202 [b220ec20]   hits_at_300_M-N: 0.8709476590156555
2020-06-14 10:34:36.557202 [b220ec20]   hits_at_300_filtered: 0.6739093065261841
2020-06-14 10:34:36.557202 [b220ec20]   hits_at_300_filtered_1-1: 0.12061403691768646
2020-06-14 10:34:36.557202 [b220ec20]   hits_at_300_filtered_1-N: 0.8199658393859863
2020-06-14 10:34:36.557202 [b220ec20]   hits_at_300_filtered_M-1: 0.6970227360725403
2020-06-14 10:34:36.558205 [b220ec20]   hits_at_300_filtered_M-N: 0.8840399384498596
2020-06-14 10:34:36.558205 [b220ec20]   hits_at_300_filtered_with_test: 0.6807528138160706
2020-06-14 10:34:36.558205 [b220ec20]   hits_at_300_filtered_with_test_1-1: 0.12061403691768646
2020-06-14 10:34:36.558205 [b220ec20]   hits_at_300_filtered_with_test_1-N: 0.8370307087898254
2020-06-14 10:34:36.558205 [b220ec20]   hits_at_300_filtered_with_test_M-1: 0.7104495167732239
2020-06-14 10:34:36.558205 [b220ec20]   hits_at_300_filtered_with_test_M-N: 0.8869493007659912
2020-06-14 10:34:36.558205 [b220ec20]   hits_at_3_1-1: 0.007894736714661121
2020-06-14 10:34:36.558205 [b220ec20]   hits_at_3_1-N: 0.3831057846546173
2020-06-14 10:34:36.558205 [b220ec20]   hits_at_3_M-1: 0.24518388509750366
2020-06-14 10:34:36.559205 [b220ec20]   hits_at_3_M-N: 0.22901082038879395
2020-06-14 10:34:36.559205 [b220ec20]   hits_at_3_filtered: 0.3157399594783783
2020-06-14 10:34:36.559205 [b220ec20]   hits_at_3_filtered_1-1: 0.008771929889917374
2020-06-14 10:34:36.559205 [b220ec20]   hits_at_3_filtered_1-N: 0.46075084805488586
2020-06-14 10:34:36.559205 [b220ec20]   hits_at_3_filtered_M-1: 0.28196147084236145
2020-06-14 10:34:36.559205 [b220ec20]   hits_at_3_filtered_M-N: 0.44991689920425415
2020-06-14 10:34:36.559205 [b220ec20]   hits_at_3_filtered_with_test: 0.3535500466823578
2020-06-14 10:34:36.559205 [b220ec20]   hits_at_3_filtered_with_test_1-1: 0.008771929889917374
2020-06-14 10:34:36.560205 [b220ec20]   hits_at_3_filtered_with_test_1-N: 0.5102388858795166
2020-06-14 10:34:36.560205 [b220ec20]   hits_at_3_filtered_with_test_M-1: 0.30969059467315674
2020-06-14 10:34:36.560205 [b220ec20]   hits_at_3_filtered_with_test_M-N: 0.5099750757217407
2020-06-14 10:34:36.560205 [b220ec20]   hits_at_400: 0.6526946425437927
2020-06-14 10:34:36.560205 [b220ec20]   hits_at_400_1-1: 0.1438596546649933
2020-06-14 10:34:36.560205 [b220ec20]   hits_at_400_1-N: 0.7124572992324829
2020-06-14 10:34:36.560205 [b220ec20]   hits_at_400_M-1: 0.6293053030967712
2020-06-14 10:34:36.560205 [b220ec20]   hits_at_400_M-N: 0.8958852887153625
2020-06-14 10:34:36.560205 [b220ec20]   hits_at_400_filtered: 0.6992301344871521
2020-06-14 10:34:36.560205 [b220ec20]   hits_at_400_filtered_1-1: 0.1438596546649933
2020-06-14 10:34:36.561206 [b220ec20]   hits_at_400_filtered_1-N: 0.847269594669342
2020-06-14 10:34:36.561206 [b220ec20]   hits_at_400_filtered_M-1: 0.7276707291603088
2020-06-14 10:34:36.561206 [b220ec20]   hits_at_400_filtered_M-N: 0.9060682058334351
2020-06-14 10:34:36.561206 [b220ec20]   hits_at_400_filtered_with_test: 0.7041060924530029
2020-06-14 10:34:36.561206 [b220ec20]   hits_at_400_filtered_with_test_1-1: 0.1438596546649933
2020-06-14 10:34:36.561206 [b220ec20]   hits_at_400_filtered_with_test_1-N: 0.8643344640731812
2020-06-14 10:34:36.561206 [b220ec20]   hits_at_400_filtered_with_test_M-1: 0.7370110750198364
2020-06-14 10:34:36.561206 [b220ec20]   hits_at_400_filtered_with_test_M-N: 0.9071072340011597
2020-06-14 10:34:36.562208 [b220ec20]   hits_at_50: 0.48246365785598755
2020-06-14 10:34:36.568214 [b220ec20]   hits_at_500: 0.6730539202690125
2020-06-14 10:34:36.569213 [b220ec20]   hits_at_500_1-1: 0.17105263471603394
2020-06-14 10:34:36.569213 [b220ec20]   hits_at_500_1-N: 0.73549485206604
2020-06-14 10:34:36.569213 [b220ec20]   hits_at_500_M-1: 0.6491535305976868
2020-06-14 10:34:36.569213 [b220ec20]   hits_at_500_M-N: 0.9127182364463806
2020-06-14 10:34:36.569213 [b220ec20]   hits_at_500_filtered: 0.7181351780891418
2020-06-14 10:34:36.569213 [b220ec20]   hits_at_500_filtered_1-1: 0.17105263471603394
2020-06-14 10:34:36.569213 [b220ec20]   hits_at_500_filtered_1-N: 0.8686006665229797
2020-06-14 10:34:36.569213 [b220ec20]   hits_at_500_filtered_M-1: 0.7483946084976196
2020-06-14 10:34:36.570215 [b220ec20]   hits_at_500_filtered_M-N: 0.9191604852676392
2020-06-14 10:34:36.570215 [b220ec20]   hits_at_500_filtered_with_test: 0.7221556901931763
2020-06-14 10:34:36.570215 [b220ec20]   hits_at_500_filtered_with_test_1-1: 0.17105263471603394
2020-06-14 10:34:36.570215 [b220ec20]   hits_at_500_filtered_with_test_1-N: 0.8779863119125366
2020-06-14 10:34:36.570215 [b220ec20]   hits_at_500_filtered_with_test_M-1: 0.7580268383026123
2020-06-14 10:34:36.570215 [b220ec20]   hits_at_500_filtered_with_test_M-N: 0.919783890247345
2020-06-14 10:34:36.570215 [b220ec20]   hits_at_50_1-1: 0.03947368636727333
2020-06-14 10:34:36.570215 [b220ec20]   hits_at_50_1-N: 0.5597269535064697
2020-06-14 10:34:36.570215 [b220ec20]   hits_at_50_M-1: 0.4699357748031616
2020-06-14 10:34:36.570215 [b220ec20]   hits_at_50_M-N: 0.6824605464935303
2020-06-14 10:34:36.571215 [b220ec20]   hits_at_50_filtered: 0.5372968316078186
2020-06-14 10:34:36.571215 [b220ec20]   hits_at_50_filtered_1-1: 0.03947368636727333
2020-06-14 10:34:36.571215 [b220ec20]   hits_at_50_filtered_1-N: 0.6416382193565369
2020-06-14 10:34:36.571215 [b220ec20]   hits_at_50_filtered_M-1: 0.5370694398880005
2020-06-14 10:34:36.571215 [b220ec20]   hits_at_50_filtered_M-N: 0.747921884059906
2020-06-14 10:34:36.571215 [b220ec20]   hits_at_50_filtered_with_test: 0.5542343854904175
2020-06-14 10:34:36.571215 [b220ec20]   hits_at_50_filtered_with_test_1-1: 0.03947368636727333
2020-06-14 10:34:36.571215 [b220ec20]   hits_at_50_filtered_with_test_1-N: 0.6902729868888855
2020-06-14 10:34:36.571215 [b220ec20]   hits_at_50_filtered_with_test_M-1: 0.5685930848121643
2020-06-14 10:34:36.571215 [b220ec20]   hits_at_50_filtered_with_test_M-N: 0.7547797560691833
2020-06-14 10:34:36.572216 [b220ec20]   job: search
2020-06-14 10:34:36.572216 [b220ec20]   job_id: b220ec20-5616-491b-9868-42497eeb5c60
2020-06-14 10:34:36.572216 [b220ec20]   lookup_embedder.dim: 256
2020-06-14 10:34:36.572216 [b220ec20]   lookup_embedder.initialize: xavier_uniform_
2020-06-14 10:34:36.572216 [b220ec20]   lookup_embedder.initialize_args.normal_.mean: 0.0
2020-06-14 10:34:36.572216 [b220ec20]   lookup_embedder.initialize_args.normal_.std: 0.0019321622209343304
2020-06-14 10:34:36.572216 [b220ec20]   lookup_embedder.initialize_args.uniform_.a: -0.07811903927515251
2020-06-14 10:34:36.572216 [b220ec20]   lookup_embedder.initialize_args.xavier_normal_.gain: 1.0
2020-06-14 10:34:36.572216 [b220ec20]   lookup_embedder.initialize_args.xavier_uniform_.gain: 1.0
2020-06-14 10:34:36.572216 [b220ec20]   lookup_embedder.regularize: lp
2020-06-14 10:34:36.573217 [b220ec20]   lookup_embedder.regularize_args.weighted: false
2020-06-14 10:34:36.573217 [b220ec20]   mean_rank: 1042.4923011120616
2020-06-14 10:34:36.573217 [b220ec20]   mean_rank_1-1: 3721.5416666666665
2020-06-14 10:34:36.573217 [b220ec20]   mean_rank_1-N: 396.04692832764505
2020-06-14 10:34:36.573217 [b220ec20]   mean_rank_M-1: 689.818155283129
2020-06-14 10:34:36.573217 [b220ec20]   mean_rank_M-N: 181.65752285951788
2020-06-14 10:34:36.573217 [b220ec20]   mean_rank_filtered: 982.6057313943542
2020-06-14 10:34:36.573217 [b220ec20]   mean_rank_filtered_1-1: 3721.3894736842103
2020-06-14 10:34:36.573217 [b220ec20]   mean_rank_filtered_1-N: 284.67235494880543
2020-06-14 10:34:36.574217 [b220ec20]   mean_rank_filtered_M-1: 548.3412142440163
2020-06-14 10:34:36.574217 [b220ec20]   mean_rank_filtered_M-N: 164.0980881130507
2020-06-14 10:34:36.574217 [b220ec20]   mean_rank_filtered_with_test: 973.4717707442259
2020-06-14 10:34:36.574217 [b220ec20]   mean_rank_filtered_with_test_1-1: 3721.3684210526317
2020-06-14 10:34:36.574217 [b220ec20]   mean_rank_filtered_with_test_1-N: 266.71672354948805
2020-06-14 10:34:36.574217 [b220ec20]   mean_rank_filtered_with_test_M-1: 527.0183887915937
2020-06-14 10:34:36.574217 [b220ec20]   mean_rank_filtered_with_test_M-N: 161.4729842061513
2020-06-14 10:34:36.574217 [b220ec20]   mean_reciprocal_rank: 0.16972388927502138
2020-06-14 10:34:36.574217 [b220ec20]   mean_reciprocal_rank_1-1: 0.008455857059411835
2020-06-14 10:34:36.574217 [b220ec20]   mean_reciprocal_rank_1-N: 0.3323825146151077
2020-06-14 10:34:36.574217 [b220ec20]   mean_reciprocal_rank_M-1: 0.2015957540054455
2020-06-14 10:34:36.574217 [b220ec20]   mean_reciprocal_rank_M-N: 0.18382658922761455
2020-06-14 10:34:36.575218 [b220ec20]   mean_reciprocal_rank_filtered: 0.28682217039136015
2020-06-14 10:34:36.575218 [b220ec20]   mean_reciprocal_rank_filtered_1-1: 0.009949219017698054
2020-06-14 10:34:36.575218 [b220ec20]   mean_reciprocal_rank_filtered_1-N: 0.42708147589257145
2020-06-14 10:34:36.575218 [b220ec20]   mean_reciprocal_rank_filtered_M-1: 0.2668133683881075
2020-06-14 10:34:36.575218 [b220ec20]   mean_reciprocal_rank_filtered_M-N: 0.39809325765988673
2020-06-14 10:34:36.575218 [b220ec20]   mean_reciprocal_rank_filtered_with_test: 0.3337097429025877
2020-06-14 10:34:36.575218 [b220ec20]   mean_reciprocal_rank_filtered_with_test_1-1: 0.010170019718638637
2020-06-14 10:34:36.575218 [b220ec20]   mean_reciprocal_rank_filtered_with_test_1-N: 0.4785659842116841
2020-06-14 10:34:36.575218 [b220ec20]   mean_reciprocal_rank_filtered_with_test_M-1: 0.2964072063243396
2020-06-14 10:34:36.575218 [b220ec20]   mean_reciprocal_rank_filtered_with_test_M-N: 0.47828528451007896
2020-06-14 10:34:36.576219 [b220ec20]   metric_name: mean_reciprocal_rank_filtered_with_test
2020-06-14 10:34:36.576219 [b220ec20]   metric_value: 0.3337097429025877
2020-06-14 10:34:36.576219 [b220ec20]   model: reciprocal_relations_model
2020-06-14 10:34:36.576219 [b220ec20]   num_parameters: 2144256
2020-06-14 10:34:36.576219 [b220ec20]   scope: train
2020-06-14 10:34:36.576219 [b220ec20]   size: 5845
2020-06-14 10:34:36.577221 [b220ec20]   split: valid
2020-06-14 10:34:36.584228 [b220ec20]   timestamp: 1592156076.489141
2020-06-14 10:34:36.585228 [b220ec20]   train.batch_size: 512
2020-06-14 10:34:36.585228 [b220ec20]   train.loss: bce
2020-06-14 10:34:36.585228 [b220ec20]   train.lr_scheduler: ReduceLROnPlateau
2020-06-14 10:34:36.585228 [b220ec20]   train.lr_scheduler_args.factor: 0.95
2020-06-14 10:34:36.585228 [b220ec20]   train.lr_scheduler_args.mode: max
2020-06-14 10:34:36.585228 [b220ec20]   train.lr_scheduler_args.patience: 5
2020-06-14 10:34:36.585228 [b220ec20]   train.lr_scheduler_args.threshold: 0.0001
2020-06-14 10:34:36.586229 [b220ec20]   train.optimizer: Adam
2020-06-14 10:34:36.586229 [b220ec20]   train.optimizer_args.lr: 0.0559961813633257
2020-06-14 10:34:36.586229 [b220ec20]   train.type: 1vsAll
